{"C:\\Users\\jedeo\\Bureau\\lecteur player\\src\\App.js": {"path":"C:\\Users\\jedeo\\Bureau\\lecteur player\\src\\App.js","statementMap":{"0":{"start":{"line":7,"column":2},"end":{"line":12,"column":4}}},"fnMap":{"0":{"name":"App","decl":{"start":{"line":6,"column":9},"end":{"line":6,"column":12}},"loc":{"start":{"line":6,"column":15},"end":{"line":13,"column":1}},"line":6}},"branchMap":{},"s":{"0":0},"f":{"0":0},"b":{}}
,"C:\\Users\\jedeo\\Bureau\\lecteur player\\src\\App.jsx": {"path":"C:\\Users\\jedeo\\Bureau\\lecteur player\\src\\App.jsx","statementMap":{"0":{"start":{"line":4,"column":12},"end":{"line":11,"column":1}},"1":{"start":{"line":5,"column":2},"end":{"line":10,"column":4}}},"fnMap":{"0":{"name":"(anonymous_0)","decl":{"start":{"line":4,"column":12},"end":{"line":4,"column":13}},"loc":{"start":{"line":4,"column":18},"end":{"line":11,"column":1}},"line":4}},"branchMap":{},"s":{"0":0,"1":0},"f":{"0":0},"b":{}}
,"C:\\Users\\jedeo\\Bureau\\lecteur player\\src\\index.jsx": {"path":"C:\\Users\\jedeo\\Bureau\\lecteur player\\src\\index.jsx","statementMap":{"0":{"start":{"line":5,"column":13},"end":{"line":5,"column":65}},"1":{"start":{"line":6,"column":0},"end":{"line":10,"column":2}}},"fnMap":{},"branchMap":{},"s":{"0":0,"1":0},"f":{},"b":{}}
,"C:\\Users\\jedeo\\Bureau\\lecteur player\\src\\components\\Button.jsx": {"path":"C:\\Users\\jedeo\\Bureau\\lecteur player\\src\\components\\Button.jsx","statementMap":{"0":{"start":{"line":4,"column":15},"end":{"line":22,"column":1}},"1":{"start":{"line":12,"column":2},"end":{"line":21,"column":4}}},"fnMap":{"0":{"name":"(anonymous_0)","decl":{"start":{"line":4,"column":15},"end":{"line":4,"column":16}},"loc":{"start":{"line":11,"column":6},"end":{"line":22,"column":1}},"line":11}},"branchMap":{"0":{"loc":{"start":{"line":7,"column":2},"end":{"line":7,"column":21}},"type":"default-arg","locations":[{"start":{"line":7,"column":12},"end":{"line":7,"column":21}}],"line":7},"1":{"loc":{"start":{"line":8,"column":2},"end":{"line":8,"column":16}},"type":"default-arg","locations":[{"start":{"line":8,"column":14},"end":{"line":8,"column":16}}],"line":8},"2":{"loc":{"start":{"line":9,"column":2},"end":{"line":9,"column":18}},"type":"default-arg","locations":[{"start":{"line":9,"column":13},"end":{"line":9,"column":18}}],"line":9},"3":{"loc":{"start":{"line":10,"column":2},"end":{"line":10,"column":17}},"type":"default-arg","locations":[{"start":{"line":10,"column":9},"end":{"line":10,"column":17}}],"line":10}},"s":{"0":5,"1":150},"f":{"0":150},"b":{"0":[86],"1":[125],"2":[149],"3":[150]},"_coverageSchema":"1a1c01bbd47fc00a2c39e90264f33305004495a9","hash":"3644011374220df7cd00236e8f5bd864ec6c683a"}
,"C:\\Users\\jedeo\\Bureau\\lecteur player\\src\\components\\HomePage.jsx": {"path":"C:\\Users\\jedeo\\Bureau\\lecteur player\\src\\components\\HomePage.jsx","statementMap":{"0":{"start":{"line":6,"column":17},"end":{"line":95,"column":1}},"1":{"start":{"line":97,"column":17},"end":{"line":356,"column":1}},"2":{"start":{"line":98,"column":48},"end":{"line":98,"column":62}},"3":{"start":{"line":99,"column":38},"end":{"line":99,"column":50}},"4":{"start":{"line":100,"column":36},"end":{"line":100,"column":51}},"5":{"start":{"line":101,"column":42},"end":{"line":101,"column":56}},"6":{"start":{"line":102,"column":44},"end":{"line":102,"column":58}},"7":{"start":{"line":103,"column":54},"end":{"line":103,"column":65}},"8":{"start":{"line":104,"column":48},"end":{"line":104,"column":67}},"9":{"start":{"line":107,"column":25},"end":{"line":107,"column":74}},"10":{"start":{"line":107,"column":51},"end":{"line":107,"column":61}},"11":{"start":{"line":109,"column":2},"end":{"line":118,"column":9}},"12":{"start":{"line":111,"column":27},"end":{"line":115,"column":13}},"13":{"start":{"line":112,"column":6},"end":{"line":114,"column":8}},"14":{"start":{"line":113,"column":8},"end":{"line":113,"column":67}},"15":{"start":{"line":117,"column":4},"end":{"line":117,"column":47}},"16":{"start":{"line":117,"column":17},"end":{"line":117,"column":46}},"17":{"start":{"line":120,"column":2},"end":{"line":129,"column":27}},"18":{"start":{"line":122,"column":26},"end":{"line":122,"column":60}},"19":{"start":{"line":123,"column":4},"end":{"line":128,"column":7}},"20":{"start":{"line":131,"column":2},"end":{"line":157,"column":9}},"21":{"start":{"line":133,"column":4},"end":{"line":156,"column":7}},"22":{"start":{"line":136,"column":41},"end":{"line":136,"column":50}},"23":{"start":{"line":140,"column":41},"end":{"line":140,"column":51}},"24":{"start":{"line":146,"column":12},"end":{"line":147,"column":75}},"25":{"start":{"line":153,"column":20},"end":{"line":153,"column":64}},"26":{"start":{"line":159,"column":23},"end":{"line":175,"column":3}},"27":{"start":{"line":160,"column":4},"end":{"line":163,"column":5}},"28":{"start":{"line":161,"column":6},"end":{"line":161,"column":29}},"29":{"start":{"line":162,"column":6},"end":{"line":162,"column":13}},"30":{"start":{"line":165,"column":20},"end":{"line":169,"column":5}},"31":{"start":{"line":167,"column":8},"end":{"line":168,"column":66}},"32":{"start":{"line":171,"column":4},"end":{"line":174,"column":7}},"33":{"start":{"line":177,"column":21},"end":{"line":180,"column":3}},"34":{"start":{"line":178,"column":4},"end":{"line":178,"column":27}},"35":{"start":{"line":179,"column":4},"end":{"line":179,"column":23}},"36":{"start":{"line":182,"column":28},"end":{"line":185,"column":3}},"37":{"start":{"line":183,"column":4},"end":{"line":183,"column":24}},"38":{"start":{"line":184,"column":4},"end":{"line":184,"column":26}},"39":{"start":{"line":187,"column":31},"end":{"line":231,"column":3}},"40":{"start":{"line":188,"column":4},"end":{"line":188,"column":33}},"41":{"start":{"line":190,"column":4},"end":{"line":190,"column":27}},"42":{"start":{"line":194,"column":4},"end":{"line":217,"column":5}},"43":{"start":{"line":196,"column":8},"end":{"line":198,"column":10}},"44":{"start":{"line":197,"column":20},"end":{"line":197,"column":63}},"45":{"start":{"line":199,"column":8},"end":{"line":199,"column":14}},"46":{"start":{"line":201,"column":8},"end":{"line":203,"column":10}},"47":{"start":{"line":202,"column":20},"end":{"line":202,"column":64}},"48":{"start":{"line":204,"column":8},"end":{"line":204,"column":14}},"49":{"start":{"line":207,"column":8},"end":{"line":207,"column":45}},"50":{"start":{"line":208,"column":8},"end":{"line":208,"column":14}},"51":{"start":{"line":211,"column":8},"end":{"line":213,"column":10}},"52":{"start":{"line":212,"column":20},"end":{"line":212,"column":78}},"53":{"start":{"line":214,"column":8},"end":{"line":214,"column":14}},"54":{"start":{"line":216,"column":8},"end":{"line":216,"column":35}},"55":{"start":{"line":220,"column":4},"end":{"line":230,"column":7}},"56":{"start":{"line":224,"column":48},"end":{"line":224,"column":57}},"57":{"start":{"line":228,"column":48},"end":{"line":228,"column":58}},"58":{"start":{"line":233,"column":2},"end":{"line":246,"column":3}},"59":{"start":{"line":234,"column":4},"end":{"line":245,"column":6}},"60":{"start":{"line":248,"column":2},"end":{"line":355,"column":4}},"61":{"start":{"line":261,"column":16},"end":{"line":275,"column":22}},"62":{"start":{"line":264,"column":33},"end":{"line":264,"column":49}},"63":{"start":{"line":296,"column":20},"end":{"line":301,"column":22}},"64":{"start":{"line":312,"column":16},"end":{"line":318,"column":18}},"65":{"start":{"line":317,"column":33},"end":{"line":317,"column":61}},"66":{"start":{"line":326,"column":14},"end":{"line":349,"column":20}},"67":{"start":{"line":330,"column":20},"end":{"line":346,"column":26}},"68":{"start":{"line":333,"column":37},"end":{"line":333,"column":53}}},"fnMap":{"0":{"name":"(anonymous_0)","decl":{"start":{"line":97,"column":17},"end":{"line":97,"column":18}},"loc":{"start":{"line":97,"column":23},"end":{"line":356,"column":1}},"line":97},"1":{"name":"(anonymous_1)","decl":{"start":{"line":107,"column":41},"end":{"line":107,"column":42}},"loc":{"start":{"line":107,"column":51},"end":{"line":107,"column":61}},"line":107},"2":{"name":"(anonymous_2)","decl":{"start":{"line":109,"column":12},"end":{"line":109,"column":13}},"loc":{"start":{"line":109,"column":18},"end":{"line":118,"column":3}},"line":109},"3":{"name":"(anonymous_3)","decl":{"start":{"line":111,"column":39},"end":{"line":111,"column":40}},"loc":{"start":{"line":111,"column":45},"end":{"line":115,"column":5}},"line":111},"4":{"name":"(anonymous_4)","decl":{"start":{"line":112,"column":28},"end":{"line":112,"column":29}},"loc":{"start":{"line":113,"column":8},"end":{"line":113,"column":67}},"line":113},"5":{"name":"(anonymous_5)","decl":{"start":{"line":117,"column":11},"end":{"line":117,"column":12}},"loc":{"start":{"line":117,"column":17},"end":{"line":117,"column":46}},"line":117},"6":{"name":"(anonymous_6)","decl":{"start":{"line":120,"column":12},"end":{"line":120,"column":13}},"loc":{"start":{"line":120,"column":18},"end":{"line":129,"column":3}},"line":120},"7":{"name":"(anonymous_7)","decl":{"start":{"line":131,"column":12},"end":{"line":131,"column":13}},"loc":{"start":{"line":131,"column":18},"end":{"line":157,"column":3}},"line":131},"8":{"name":"(anonymous_8)","decl":{"start":{"line":136,"column":31},"end":{"line":136,"column":32}},"loc":{"start":{"line":136,"column":41},"end":{"line":136,"column":50}},"line":136},"9":{"name":"(anonymous_9)","decl":{"start":{"line":140,"column":31},"end":{"line":140,"column":32}},"loc":{"start":{"line":140,"column":41},"end":{"line":140,"column":51}},"line":140},"10":{"name":"(anonymous_10)","decl":{"start":{"line":145,"column":10},"end":{"line":145,"column":11}},"loc":{"start":{"line":146,"column":12},"end":{"line":147,"column":75}},"line":146},"11":{"name":"(anonymous_11)","decl":{"start":{"line":153,"column":10},"end":{"line":153,"column":11}},"loc":{"start":{"line":153,"column":20},"end":{"line":153,"column":64}},"line":153},"12":{"name":"(anonymous_12)","decl":{"start":{"line":159,"column":23},"end":{"line":159,"column":24}},"loc":{"start":{"line":159,"column":34},"end":{"line":175,"column":3}},"line":159},"13":{"name":"(anonymous_13)","decl":{"start":{"line":166,"column":6},"end":{"line":166,"column":7}},"loc":{"start":{"line":167,"column":8},"end":{"line":168,"column":66}},"line":167},"14":{"name":"(anonymous_14)","decl":{"start":{"line":177,"column":21},"end":{"line":177,"column":22}},"loc":{"start":{"line":177,"column":32},"end":{"line":180,"column":3}},"line":177},"15":{"name":"(anonymous_15)","decl":{"start":{"line":182,"column":28},"end":{"line":182,"column":29}},"loc":{"start":{"line":182,"column":34},"end":{"line":185,"column":3}},"line":182},"16":{"name":"(anonymous_16)","decl":{"start":{"line":187,"column":31},"end":{"line":187,"column":32}},"loc":{"start":{"line":187,"column":45},"end":{"line":231,"column":3}},"line":187},"17":{"name":"(anonymous_17)","decl":{"start":{"line":197,"column":10},"end":{"line":197,"column":11}},"loc":{"start":{"line":197,"column":20},"end":{"line":197,"column":63}},"line":197},"18":{"name":"(anonymous_18)","decl":{"start":{"line":202,"column":10},"end":{"line":202,"column":11}},"loc":{"start":{"line":202,"column":20},"end":{"line":202,"column":64}},"line":202},"19":{"name":"(anonymous_19)","decl":{"start":{"line":212,"column":10},"end":{"line":212,"column":11}},"loc":{"start":{"line":212,"column":20},"end":{"line":212,"column":78}},"line":212},"20":{"name":"(anonymous_20)","decl":{"start":{"line":224,"column":38},"end":{"line":224,"column":39}},"loc":{"start":{"line":224,"column":48},"end":{"line":224,"column":57}},"line":224},"21":{"name":"(anonymous_21)","decl":{"start":{"line":228,"column":38},"end":{"line":228,"column":39}},"loc":{"start":{"line":228,"column":48},"end":{"line":228,"column":58}},"line":228},"22":{"name":"(anonymous_22)","decl":{"start":{"line":260,"column":39},"end":{"line":260,"column":40}},"loc":{"start":{"line":261,"column":16},"end":{"line":275,"column":22}},"line":261},"23":{"name":"(anonymous_23)","decl":{"start":{"line":264,"column":27},"end":{"line":264,"column":28}},"loc":{"start":{"line":264,"column":33},"end":{"line":264,"column":49}},"line":264},"24":{"name":"(anonymous_24)","decl":{"start":{"line":295,"column":27},"end":{"line":295,"column":28}},"loc":{"start":{"line":296,"column":20},"end":{"line":301,"column":22}},"line":296},"25":{"name":"(anonymous_25)","decl":{"start":{"line":311,"column":34},"end":{"line":311,"column":35}},"loc":{"start":{"line":312,"column":16},"end":{"line":318,"column":18}},"line":312},"26":{"name":"(anonymous_26)","decl":{"start":{"line":317,"column":27},"end":{"line":317,"column":28}},"loc":{"start":{"line":317,"column":33},"end":{"line":317,"column":61}},"line":317},"27":{"name":"(anonymous_27)","decl":{"start":{"line":325,"column":28},"end":{"line":325,"column":29}},"loc":{"start":{"line":326,"column":14},"end":{"line":349,"column":20}},"line":326},"28":{"name":"(anonymous_28)","decl":{"start":{"line":329,"column":38},"end":{"line":329,"column":39}},"loc":{"start":{"line":330,"column":20},"end":{"line":346,"column":26}},"line":330},"29":{"name":"(anonymous_29)","decl":{"start":{"line":333,"column":31},"end":{"line":333,"column":32}},"loc":{"start":{"line":333,"column":37},"end":{"line":333,"column":53}},"line":333}},"branchMap":{"0":{"loc":{"start":{"line":113,"column":8},"end":{"line":113,"column":67}},"type":"cond-expr","locations":[{"start":{"line":113,"column":50},"end":{"line":113,"column":51}},{"start":{"line":113,"column":54},"end":{"line":113,"column":67}}],"line":113},"1":{"loc":{"start":{"line":146,"column":12},"end":{"line":147,"column":75}},"type":"binary-expr","locations":[{"start":{"line":146,"column":12},"end":{"line":146,"column":22}},{"start":{"line":147,"column":13},"end":{"line":147,"column":41}},{"start":{"line":147,"column":45},"end":{"line":147,"column":74}}],"line":146},"2":{"loc":{"start":{"line":153,"column":20},"end":{"line":153,"column":64}},"type":"binary-expr","locations":[{"start":{"line":153,"column":20},"end":{"line":153,"column":30}},{"start":{"line":153,"column":34},"end":{"line":153,"column":64}}],"line":153},"3":{"loc":{"start":{"line":160,"column":4},"end":{"line":163,"column":5}},"type":"if","locations":[{"start":{"line":160,"column":4},"end":{"line":163,"column":5}},{"start":{},"end":{}}],"line":160},"4":{"loc":{"start":{"line":167,"column":8},"end":{"line":168,"column":66}},"type":"binary-expr","locations":[{"start":{"line":167,"column":8},"end":{"line":167,"column":62}},{"start":{"line":168,"column":8},"end":{"line":168,"column":66}}],"line":167},"5":{"loc":{"start":{"line":194,"column":4},"end":{"line":217,"column":5}},"type":"switch","locations":[{"start":{"line":195,"column":6},"end":{"line":199,"column":14}},{"start":{"line":200,"column":6},"end":{"line":204,"column":14}},{"start":{"line":205,"column":6},"end":{"line":208,"column":14}},{"start":{"line":209,"column":6},"end":{"line":214,"column":14}},{"start":{"line":215,"column":6},"end":{"line":216,"column":35}}],"line":194},"6":{"loc":{"start":{"line":197,"column":20},"end":{"line":197,"column":63}},"type":"binary-expr","locations":[{"start":{"line":197,"column":20},"end":{"line":197,"column":30}},{"start":{"line":197,"column":34},"end":{"line":197,"column":63}}],"line":197},"7":{"loc":{"start":{"line":202,"column":20},"end":{"line":202,"column":64}},"type":"binary-expr","locations":[{"start":{"line":202,"column":20},"end":{"line":202,"column":30}},{"start":{"line":202,"column":34},"end":{"line":202,"column":64}}],"line":202},"8":{"loc":{"start":{"line":212,"column":20},"end":{"line":212,"column":78}},"type":"binary-expr","locations":[{"start":{"line":212,"column":20},"end":{"line":212,"column":48}},{"start":{"line":212,"column":52},"end":{"line":212,"column":78}}],"line":212},"9":{"loc":{"start":{"line":223,"column":10},"end":{"line":223,"column":76}},"type":"cond-expr","locations":[{"start":{"line":223,"column":35},"end":{"line":223,"column":54}},{"start":{"line":223,"column":57},"end":{"line":223,"column":76}}],"line":223},"10":{"loc":{"start":{"line":227,"column":15},"end":{"line":227,"column":78}},"type":"cond-expr","locations":[{"start":{"line":227,"column":40},"end":{"line":227,"column":58}},{"start":{"line":227,"column":61},"end":{"line":227,"column":78}}],"line":227},"11":{"loc":{"start":{"line":233,"column":2},"end":{"line":246,"column":3}},"type":"if","locations":[{"start":{"line":233,"column":2},"end":{"line":246,"column":3}},{"start":{},"end":{}}],"line":233},"12":{"loc":{"start":{"line":233,"column":6},"end":{"line":233,"column":31}},"type":"binary-expr","locations":[{"start":{"line":233,"column":6},"end":{"line":233,"column":15}},{"start":{"line":233,"column":19},"end":{"line":233,"column":31}}],"line":233},"13":{"loc":{"start":{"line":255,"column":7},"end":{"line":353,"column":7}},"type":"cond-expr","locations":[{"start":{"line":256,"column":8},"end":{"line":279,"column":14}},{"start":{"line":281,"column":8},"end":{"line":352,"column":11}}],"line":255},"14":{"loc":{"start":{"line":268,"column":21},"end":{"line":268,"column":79}},"type":"binary-expr","locations":[{"start":{"line":268,"column":21},"end":{"line":268,"column":30}},{"start":{"line":268,"column":34},"end":{"line":268,"column":79}}],"line":268},"15":{"loc":{"start":{"line":315,"column":20},"end":{"line":315,"column":64}},"type":"cond-expr","locations":[{"start":{"line":315,"column":51},"end":{"line":315,"column":59}},{"start":{"line":315,"column":62},"end":{"line":315,"column":64}}],"line":315},"16":{"loc":{"start":{"line":337,"column":25},"end":{"line":339,"column":25}},"type":"binary-expr","locations":[{"start":{"line":337,"column":25},"end":{"line":337,"column":34}},{"start":{"line":338,"column":26},"end":{"line":338,"column":71}}],"line":337}},"s":{"0":0,"1":0,"2":0,"3":0,"4":0,"5":0,"6":0,"7":0,"8":0,"9":0,"10":0,"11":0,"12":0,"13":0,"14":0,"15":0,"16":0,"17":0,"18":0,"19":0,"20":0,"21":0,"22":0,"23":0,"24":0,"25":0,"26":0,"27":0,"28":0,"29":0,"30":0,"31":0,"32":0,"33":0,"34":0,"35":0,"36":0,"37":0,"38":0,"39":0,"40":0,"41":0,"42":0,"43":0,"44":0,"45":0,"46":0,"47":0,"48":0,"49":0,"50":0,"51":0,"52":0,"53":0,"54":0,"55":0,"56":0,"57":0,"58":0,"59":0,"60":0,"61":0,"62":0,"63":0,"64":0,"65":0,"66":0,"67":0,"68":0},"f":{"0":0,"1":0,"2":0,"3":0,"4":0,"5":0,"6":0,"7":0,"8":0,"9":0,"10":0,"11":0,"12":0,"13":0,"14":0,"15":0,"16":0,"17":0,"18":0,"19":0,"20":0,"21":0,"22":0,"23":0,"24":0,"25":0,"26":0,"27":0,"28":0,"29":0},"b":{"0":[0,0],"1":[0,0,0],"2":[0,0],"3":[0,0],"4":[0,0],"5":[0,0,0,0,0],"6":[0,0],"7":[0,0],"8":[0,0],"9":[0,0],"10":[0,0],"11":[0,0],"12":[0,0],"13":[0,0],"14":[0,0],"15":[0,0],"16":[0,0]}}
,"C:\\Users\\jedeo\\Bureau\\lecteur player\\src\\components\\LiveIndicator.jsx": {"path":"C:\\Users\\jedeo\\Bureau\\lecteur player\\src\\components\\LiveIndicator.jsx","statementMap":{"0":{"start":{"line":5,"column":2},"end":{"line":5,"column":27}},"1":{"start":{"line":5,"column":15},"end":{"line":5,"column":27}},"2":{"start":{"line":6,"column":2},"end":{"line":21,"column":4}}},"fnMap":{"0":{"name":"LiveIndicator","decl":{"start":{"line":4,"column":24},"end":{"line":4,"column":37}},"loc":{"start":{"line":4,"column":78},"end":{"line":22,"column":1}},"line":4}},"branchMap":{"0":{"loc":{"start":{"line":5,"column":2},"end":{"line":5,"column":27}},"type":"if","locations":[{"start":{"line":5,"column":2},"end":{"line":5,"column":27}},{"start":{},"end":{}}],"line":5},"1":{"loc":{"start":{"line":10,"column":28},"end":{"line":10,"column":70}},"type":"cond-expr","locations":[{"start":{"line":10,"column":43},"end":{"line":10,"column":45}},{"start":{"line":10,"column":48},"end":{"line":10,"column":70}}],"line":10},"2":{"loc":{"start":{"line":13,"column":9},"end":{"line":13,"column":49}},"type":"cond-expr","locations":[{"start":{"line":13,"column":24},"end":{"line":13,"column":35}},{"start":{"line":13,"column":38},"end":{"line":13,"column":49}}],"line":13},"3":{"loc":{"start":{"line":15,"column":7},"end":{"line":19,"column":7}},"type":"binary-expr","locations":[{"start":{"line":15,"column":7},"end":{"line":15,"column":20}},{"start":{"line":16,"column":8},"end":{"line":18,"column":17}}],"line":15}},"s":{"0":26,"1":19,"2":7},"f":{"0":26},"b":{"0":[19,7],"1":[3,4],"2":[3,4],"3":[7,4]},"_coverageSchema":"1a1c01bbd47fc00a2c39e90264f33305004495a9","hash":"acfc59e9e90cdc959a58b85f37da90d8ed0d36c4"}
,"C:\\Users\\jedeo\\Bureau\\lecteur player\\src\\components\\Navigation.jsx": {"path":"C:\\Users\\jedeo\\Bureau\\lecteur player\\src\\components\\Navigation.jsx","statementMap":{"0":{"start":{"line":4,"column":19},"end":{"line":115,"column":1}},"1":{"start":{"line":5,"column":38},"end":{"line":5,"column":53}},"2":{"start":{"line":6,"column":40},"end":{"line":6,"column":52}},"3":{"start":{"line":7,"column":46},"end":{"line":7,"column":61}},"4":{"start":{"line":9,"column":2},"end":{"line":20,"column":9}},"5":{"start":{"line":10,"column":25},"end":{"line":16,"column":5}},"6":{"start":{"line":11,"column":6},"end":{"line":15,"column":7}},"7":{"start":{"line":12,"column":8},"end":{"line":12,"column":28}},"8":{"start":{"line":14,"column":8},"end":{"line":14,"column":29}},"9":{"start":{"line":18,"column":4},"end":{"line":18,"column":52}},"10":{"start":{"line":19,"column":4},"end":{"line":19,"column":68}},"11":{"start":{"line":19,"column":17},"end":{"line":19,"column":67}},"12":{"start":{"line":22,"column":29},"end":{"line":26,"column":3}},"13":{"start":{"line":23,"column":18},"end":{"line":23,"column":32}},"14":{"start":{"line":24,"column":4},"end":{"line":24,"column":26}},"15":{"start":{"line":25,"column":4},"end":{"line":25,"column":20}},"16":{"start":{"line":28,"column":28},"end":{"line":30,"column":3}},"17":{"start":{"line":29,"column":4},"end":{"line":29,"column":28}},"18":{"start":{"line":32,"column":27},"end":{"line":36,"column":3}},"19":{"start":{"line":33,"column":4},"end":{"line":35,"column":5}},"20":{"start":{"line":34,"column":6},"end":{"line":34,"column":31}},"21":{"start":{"line":38,"column":2},"end":{"line":114,"column":4}}},"fnMap":{"0":{"name":"(anonymous_0)","decl":{"start":{"line":4,"column":19},"end":{"line":4,"column":20}},"loc":{"start":{"line":4,"column":37},"end":{"line":115,"column":1}},"line":4},"1":{"name":"(anonymous_1)","decl":{"start":{"line":9,"column":12},"end":{"line":9,"column":13}},"loc":{"start":{"line":9,"column":18},"end":{"line":20,"column":3}},"line":9},"2":{"name":"(anonymous_2)","decl":{"start":{"line":10,"column":25},"end":{"line":10,"column":26}},"loc":{"start":{"line":10,"column":31},"end":{"line":16,"column":5}},"line":10},"3":{"name":"(anonymous_3)","decl":{"start":{"line":19,"column":11},"end":{"line":19,"column":12}},"loc":{"start":{"line":19,"column":17},"end":{"line":19,"column":67}},"line":19},"4":{"name":"(anonymous_4)","decl":{"start":{"line":22,"column":29},"end":{"line":22,"column":30}},"loc":{"start":{"line":22,"column":36},"end":{"line":26,"column":3}},"line":22},"5":{"name":"(anonymous_5)","decl":{"start":{"line":28,"column":28},"end":{"line":28,"column":29}},"loc":{"start":{"line":28,"column":34},"end":{"line":30,"column":3}},"line":28},"6":{"name":"(anonymous_6)","decl":{"start":{"line":32,"column":27},"end":{"line":32,"column":28}},"loc":{"start":{"line":32,"column":33},"end":{"line":36,"column":3}},"line":32}},"branchMap":{"0":{"loc":{"start":{"line":11,"column":6},"end":{"line":15,"column":7}},"type":"if","locations":[{"start":{"line":11,"column":6},"end":{"line":15,"column":7}},{"start":{"line":13,"column":13},"end":{"line":15,"column":7}}],"line":11},"1":{"loc":{"start":{"line":33,"column":4},"end":{"line":35,"column":5}},"type":"if","locations":[{"start":{"line":33,"column":4},"end":{"line":35,"column":5}},{"start":{},"end":{}}],"line":33},"2":{"loc":{"start":{"line":39,"column":34},"end":{"line":39,"column":62}},"type":"cond-expr","locations":[{"start":{"line":39,"column":47},"end":{"line":39,"column":57}},{"start":{"line":39,"column":60},"end":{"line":39,"column":62}}],"line":39},"3":{"loc":{"start":{"line":78,"column":38},"end":{"line":78,"column":68}},"type":"cond-expr","locations":[{"start":{"line":78,"column":55},"end":{"line":78,"column":63}},{"start":{"line":78,"column":66},"end":{"line":78,"column":68}}],"line":78}},"s":{"0":0,"1":0,"2":0,"3":0,"4":0,"5":0,"6":0,"7":0,"8":0,"9":0,"10":0,"11":0,"12":0,"13":0,"14":0,"15":0,"16":0,"17":0,"18":0,"19":0,"20":0,"21":0},"f":{"0":0,"1":0,"2":0,"3":0,"4":0,"5":0,"6":0},"b":{"0":[0,0],"1":[0,0],"2":[0,0],"3":[0,0]}}
,"C:\\Users\\jedeo\\Bureau\\lecteur player\\src\\components\\PlayerControls.jsx": {"path":"C:\\Users\\jedeo\\Bureau\\lecteur player\\src\\components\\PlayerControls.jsx","statementMap":{"0":{"start":{"line":20,"column":2},"end":{"line":89,"column":4}},"1":{"start":{"line":38,"column":29},"end":{"line":38,"column":80}},"2":{"start":{"line":38,"column":50},"end":{"line":38,"column":71}},"3":{"start":{"line":40,"column":26},"end":{"line":40,"column":45}},"4":{"start":{"line":42,"column":12},"end":{"line":44,"column":21}},"5":{"start":{"line":57,"column":14},"end":{"line":57,"column":69}},"6":{"start":{"line":57,"column":35},"end":{"line":57,"column":60}},"7":{"start":{"line":60,"column":12},"end":{"line":62,"column":21}},"8":{"start":{"line":75,"column":14},"end":{"line":75,"column":71}},"9":{"start":{"line":75,"column":36},"end":{"line":75,"column":62}},"10":{"start":{"line":78,"column":12},"end":{"line":80,"column":21}}},"fnMap":{"0":{"name":"PlayerControls","decl":{"start":{"line":4,"column":24},"end":{"line":4,"column":38}},"loc":{"start":{"line":19,"column":3},"end":{"line":90,"column":1}},"line":19},"1":{"name":"(anonymous_1)","decl":{"start":{"line":38,"column":12},"end":{"line":38,"column":13}},"loc":{"start":{"line":38,"column":29},"end":{"line":38,"column":80}},"line":38},"2":{"name":"(anonymous_2)","decl":{"start":{"line":38,"column":43},"end":{"line":38,"column":44}},"loc":{"start":{"line":38,"column":50},"end":{"line":38,"column":71}},"line":38},"3":{"name":"(anonymous_3)","decl":{"start":{"line":40,"column":16},"end":{"line":40,"column":17}},"loc":{"start":{"line":40,"column":26},"end":{"line":40,"column":45}},"line":40},"4":{"name":"(anonymous_4)","decl":{"start":{"line":41,"column":15},"end":{"line":41,"column":16}},"loc":{"start":{"line":42,"column":12},"end":{"line":44,"column":21}},"line":42},"5":{"name":"(anonymous_5)","decl":{"start":{"line":56,"column":12},"end":{"line":56,"column":13}},"loc":{"start":{"line":57,"column":14},"end":{"line":57,"column":69}},"line":57},"6":{"name":"(anonymous_6)","decl":{"start":{"line":57,"column":28},"end":{"line":57,"column":29}},"loc":{"start":{"line":57,"column":35},"end":{"line":57,"column":60}},"line":57},"7":{"name":"(anonymous_7)","decl":{"start":{"line":59,"column":15},"end":{"line":59,"column":16}},"loc":{"start":{"line":60,"column":12},"end":{"line":62,"column":21}},"line":60},"8":{"name":"(anonymous_8)","decl":{"start":{"line":74,"column":12},"end":{"line":74,"column":13}},"loc":{"start":{"line":75,"column":14},"end":{"line":75,"column":71}},"line":75},"9":{"name":"(anonymous_9)","decl":{"start":{"line":75,"column":28},"end":{"line":75,"column":29}},"loc":{"start":{"line":75,"column":36},"end":{"line":75,"column":62}},"line":75},"10":{"name":"(anonymous_10)","decl":{"start":{"line":77,"column":15},"end":{"line":77,"column":16}},"loc":{"start":{"line":78,"column":12},"end":{"line":80,"column":21}},"line":78}},"branchMap":{"0":{"loc":{"start":{"line":27,"column":18},"end":{"line":27,"column":69}},"type":"cond-expr","locations":[{"start":{"line":27,"column":36},"end":{"line":27,"column":48}},{"start":{"line":27,"column":51},"end":{"line":27,"column":69}}],"line":27},"1":{"loc":{"start":{"line":43,"column":15},"end":{"line":43,"column":62}},"type":"cond-expr","locations":[{"start":{"line":43,"column":26},"end":{"line":43,"column":40}},{"start":{"line":43,"column":43},"end":{"line":43,"column":62}}],"line":43}},"s":{"0":29,"1":28,"2":42,"3":14,"4":28,"5":24,"6":34,"7":24,"8":28,"9":42,"10":28},"f":{"0":29,"1":28,"2":42,"3":14,"4":28,"5":24,"6":34,"7":24,"8":28,"9":42,"10":28},"b":{"0":[3,26],"1":[28,0]},"_coverageSchema":"1a1c01bbd47fc00a2c39e90264f33305004495a9","hash":"6bb5abd7688ad67b0d8b083fac32b96d764600c8"}
,"C:\\Users\\jedeo\\Bureau\\lecteur player\\src\\components\\PlayerHeader.jsx": {"path":"C:\\Users\\jedeo\\Bureau\\lecteur player\\src\\components\\PlayerHeader.jsx","statementMap":{"0":{"start":{"line":4,"column":36},"end":{"line":4,"column":50}},"1":{"start":{"line":6,"column":42},"end":{"line":6,"column":56}},"2":{"start":{"line":9,"column":2},"end":{"line":15,"column":9}},"3":{"start":{"line":10,"column":27},"end":{"line":12,"column":12}},"4":{"start":{"line":11,"column":6},"end":{"line":11,"column":26}},"5":{"start":{"line":14,"column":4},"end":{"line":14,"column":46}},"6":{"start":{"line":14,"column":17},"end":{"line":14,"column":45}},"7":{"start":{"line":17,"column":2},"end":{"line":44,"column":21}},"8":{"start":{"line":18,"column":28},"end":{"line":32,"column":5}},"9":{"start":{"line":19,"column":6},"end":{"line":19,"column":25}},"10":{"start":{"line":22,"column":6},"end":{"line":24,"column":7}},"11":{"start":{"line":23,"column":8},"end":{"line":23,"column":35}},"12":{"start":{"line":27,"column":22},"end":{"line":29,"column":14}},"13":{"start":{"line":28,"column":8},"end":{"line":28,"column":28}},"14":{"start":{"line":31,"column":6},"end":{"line":31,"column":31}},"15":{"start":{"line":35,"column":4},"end":{"line":35,"column":60}},"16":{"start":{"line":38,"column":4},"end":{"line":43,"column":6}},"17":{"start":{"line":39,"column":6},"end":{"line":39,"column":65}},"18":{"start":{"line":40,"column":6},"end":{"line":42,"column":7}},"19":{"start":{"line":41,"column":8},"end":{"line":41,"column":35}},"20":{"start":{"line":46,"column":2},"end":{"line":60,"column":4}}},"fnMap":{"0":{"name":"PlayerHeader","decl":{"start":{"line":3,"column":24},"end":{"line":3,"column":36}},"loc":{"start":{"line":3,"column":67},"end":{"line":61,"column":1}},"line":3},"1":{"name":"(anonymous_1)","decl":{"start":{"line":9,"column":12},"end":{"line":9,"column":13}},"loc":{"start":{"line":9,"column":18},"end":{"line":15,"column":3}},"line":9},"2":{"name":"(anonymous_2)","decl":{"start":{"line":10,"column":38},"end":{"line":10,"column":39}},"loc":{"start":{"line":10,"column":44},"end":{"line":12,"column":5}},"line":10},"3":{"name":"(anonymous_3)","decl":{"start":{"line":14,"column":11},"end":{"line":14,"column":12}},"loc":{"start":{"line":14,"column":17},"end":{"line":14,"column":45}},"line":14},"4":{"name":"(anonymous_4)","decl":{"start":{"line":17,"column":12},"end":{"line":17,"column":13}},"loc":{"start":{"line":17,"column":18},"end":{"line":44,"column":3}},"line":17},"5":{"name":"(anonymous_5)","decl":{"start":{"line":18,"column":28},"end":{"line":18,"column":29}},"loc":{"start":{"line":18,"column":34},"end":{"line":32,"column":5}},"line":18},"6":{"name":"(anonymous_6)","decl":{"start":{"line":27,"column":33},"end":{"line":27,"column":34}},"loc":{"start":{"line":27,"column":39},"end":{"line":29,"column":7}},"line":27},"7":{"name":"(anonymous_7)","decl":{"start":{"line":38,"column":11},"end":{"line":38,"column":12}},"loc":{"start":{"line":38,"column":17},"end":{"line":43,"column":5}},"line":38}},"branchMap":{"0":{"loc":{"start":{"line":22,"column":6},"end":{"line":24,"column":7}},"type":"if","locations":[{"start":{"line":22,"column":6},"end":{"line":24,"column":7}},{"start":{},"end":{}}],"line":22},"1":{"loc":{"start":{"line":40,"column":6},"end":{"line":42,"column":7}},"type":"if","locations":[{"start":{"line":40,"column":6},"end":{"line":42,"column":7}},{"start":{},"end":{}}],"line":40},"2":{"loc":{"start":{"line":47,"column":38},"end":{"line":47,"column":70}},"type":"cond-expr","locations":[{"start":{"line":47,"column":50},"end":{"line":47,"column":59}},{"start":{"line":47,"column":62},"end":{"line":47,"column":70}}],"line":47}},"s":{"0":19,"1":19,"2":19,"3":10,"4":0,"5":10,"6":10,"7":19,"8":10,"9":0,"10":0,"11":0,"12":0,"13":0,"14":0,"15":10,"16":10,"17":10,"18":10,"19":0,"20":19},"f":{"0":19,"1":10,"2":0,"3":10,"4":10,"5":0,"6":0,"7":10},"b":{"0":[0,0],"1":[0,10],"2":[19,0]},"_coverageSchema":"1a1c01bbd47fc00a2c39e90264f33305004495a9","hash":"540819088abf0f50364b673266bf0dd239138b0c"}
,"C:\\Users\\jedeo\\Bureau\\lecteur player\\src\\components\\PlaylistMenu.jsx": {"path":"C:\\Users\\jedeo\\Bureau\\lecteur player\\src\\components\\PlaylistMenu.jsx","statementMap":{"0":{"start":{"line":11,"column":2},"end":{"line":11,"column":25}},"1":{"start":{"line":11,"column":13},"end":{"line":11,"column":25}},"2":{"start":{"line":12,"column":2},"end":{"line":37,"column":4}},"3":{"start":{"line":19,"column":10},"end":{"line":33,"column":19}},"4":{"start":{"line":25,"column":14},"end":{"line":25,"column":28}},"5":{"start":{"line":26,"column":14},"end":{"line":26,"column":24}}},"fnMap":{"0":{"name":"PlaylistMenu","decl":{"start":{"line":4,"column":24},"end":{"line":4,"column":36}},"loc":{"start":{"line":10,"column":3},"end":{"line":38,"column":1}},"line":10},"1":{"name":"(anonymous_1)","decl":{"start":{"line":18,"column":22},"end":{"line":18,"column":23}},"loc":{"start":{"line":19,"column":10},"end":{"line":33,"column":19}},"line":19},"2":{"name":"(anonymous_2)","decl":{"start":{"line":24,"column":21},"end":{"line":24,"column":22}},"loc":{"start":{"line":24,"column":27},"end":{"line":27,"column":13}},"line":24}},"branchMap":{"0":{"loc":{"start":{"line":11,"column":2},"end":{"line":11,"column":25}},"type":"if","locations":[{"start":{"line":11,"column":2},"end":{"line":11,"column":25}},{"start":{},"end":{}}],"line":11},"1":{"loc":{"start":{"line":22,"column":14},"end":{"line":22,"column":51}},"type":"cond-expr","locations":[{"start":{"line":22,"column":37},"end":{"line":22,"column":46}},{"start":{"line":22,"column":49},"end":{"line":22,"column":51}}],"line":22}},"s":{"0":26,"1":19,"2":7,"3":17,"4":1,"5":1},"f":{"0":26,"1":17,"2":1},"b":{"0":[19,7],"1":[7,10]},"_coverageSchema":"1a1c01bbd47fc00a2c39e90264f33305004495a9","hash":"2f0ef713d9ac98fc94e564670ec307f1f2297d25"}
,"C:\\Users\\jedeo\\Bureau\\lecteur player\\src\\components\\VideoPlayer.jsx": {"path":"C:\\Users\\jedeo\\Bureau\\lecteur player\\src\\components\\VideoPlayer.jsx","statementMap":{"0":{"start":{"line":10,"column":17},"end":{"line":49,"column":1}},"1":{"start":{"line":51,"column":20},"end":{"line":354,"column":1}},"2":{"start":{"line":52,"column":19},"end":{"line":52,"column":31}},"3":{"start":{"line":53,"column":20},"end":{"line":53,"column":32}},"4":{"start":{"line":54,"column":30},"end":{"line":54,"column":45}},"5":{"start":{"line":55,"column":36},"end":{"line":55,"column":48}},"6":{"start":{"line":56,"column":48},"end":{"line":56,"column":64}},"7":{"start":{"line":57,"column":38},"end":{"line":57,"column":50}},"8":{"start":{"line":58,"column":42},"end":{"line":58,"column":57}},"9":{"start":{"line":59,"column":40},"end":{"line":59,"column":52}},"10":{"start":{"line":60,"column":44},"end":{"line":60,"column":60}},"11":{"start":{"line":61,"column":42},"end":{"line":61,"column":56}},"12":{"start":{"line":62,"column":42},"end":{"line":62,"column":57}},"13":{"start":{"line":65,"column":42},"end":{"line":72,"column":4}},"14":{"start":{"line":66,"column":4},"end":{"line":69,"column":5}},"15":{"start":{"line":67,"column":20},"end":{"line":67,"column":73}},"16":{"start":{"line":67,"column":46},"end":{"line":67,"column":72}},"17":{"start":{"line":68,"column":6},"end":{"line":68,"column":38}},"18":{"start":{"line":70,"column":26},"end":{"line":70,"column":60}},"19":{"start":{"line":70,"column":52},"end":{"line":70,"column":59}},"20":{"start":{"line":71,"column":4},"end":{"line":71,"column":52}},"21":{"start":{"line":74,"column":23},"end":{"line":74,"column":45}},"22":{"start":{"line":75,"column":26},"end":{"line":75,"column":43}},"23":{"start":{"line":78,"column":23},"end":{"line":78,"column":54}},"24":{"start":{"line":78,"column":46},"end":{"line":78,"column":53}},"25":{"start":{"line":80,"column":2},"end":{"line":166,"column":21}},"26":{"start":{"line":82,"column":4},"end":{"line":85,"column":5}},"27":{"start":{"line":83,"column":6},"end":{"line":83,"column":34}},"28":{"start":{"line":84,"column":6},"end":{"line":84,"column":31}},"29":{"start":{"line":86,"column":4},"end":{"line":88,"column":5}},"30":{"start":{"line":87,"column":6},"end":{"line":87,"column":78}},"31":{"start":{"line":89,"column":23},"end":{"line":155,"column":5}},"32":{"start":{"line":93,"column":6},"end":{"line":93,"column":36}},"33":{"start":{"line":93,"column":29},"end":{"line":93,"column":36}},"34":{"start":{"line":94,"column":21},"end":{"line":94,"column":55}},"35":{"start":{"line":95,"column":6},"end":{"line":95,"column":33}},"36":{"start":{"line":96,"column":24},"end":{"line":100,"column":7}},"37":{"start":{"line":101,"column":6},"end":{"line":101,"column":41}},"38":{"start":{"line":102,"column":23},"end":{"line":105,"column":7}},"39":{"start":{"line":106,"column":6},"end":{"line":106,"column":39}},"40":{"start":{"line":107,"column":6},"end":{"line":121,"column":7}},"41":{"start":{"line":108,"column":8},"end":{"line":120,"column":11}},"42":{"start":{"line":109,"column":25},"end":{"line":109,"column":50}},"43":{"start":{"line":110,"column":10},"end":{"line":110,"column":31}},"44":{"start":{"line":111,"column":10},"end":{"line":118,"column":12}},"45":{"start":{"line":116,"column":18},"end":{"line":116,"column":73}},"46":{"start":{"line":116,"column":40},"end":{"line":116,"column":66}},"47":{"start":{"line":119,"column":10},"end":{"line":119,"column":48}},"48":{"start":{"line":122,"column":6},"end":{"line":146,"column":7}},"49":{"start":{"line":123,"column":8},"end":{"line":123,"column":31}},"50":{"start":{"line":124,"column":8},"end":{"line":124,"column":24}},"51":{"start":{"line":125,"column":23},"end":{"line":125,"column":48}},"52":{"start":{"line":126,"column":8},"end":{"line":126,"column":29}},"53":{"start":{"line":127,"column":8},"end":{"line":134,"column":10}},"54":{"start":{"line":132,"column":16},"end":{"line":132,"column":71}},"55":{"start":{"line":132,"column":38},"end":{"line":132,"column":64}},"56":{"start":{"line":135,"column":8},"end":{"line":135,"column":46}},"57":{"start":{"line":136,"column":8},"end":{"line":138,"column":9}},"58":{"start":{"line":137,"column":10},"end":{"line":137,"column":50}},"59":{"start":{"line":140,"column":8},"end":{"line":143,"column":9}},"60":{"start":{"line":141,"column":10},"end":{"line":141,"column":32}},"61":{"start":{"line":142,"column":10},"end":{"line":142,"column":79}},"62":{"start":{"line":145,"column":8},"end":{"line":145,"column":71}},"63":{"start":{"line":148,"column":6},"end":{"line":154,"column":7}},"64":{"start":{"line":149,"column":8},"end":{"line":153,"column":10}},"65":{"start":{"line":150,"column":10},"end":{"line":152,"column":11}},"66":{"start":{"line":151,"column":12},"end":{"line":151,"column":46}},"67":{"start":{"line":156,"column":4},"end":{"line":156,"column":17}},"68":{"start":{"line":157,"column":4},"end":{"line":165,"column":6}},"69":{"start":{"line":158,"column":6},"end":{"line":161,"column":7}},"70":{"start":{"line":159,"column":8},"end":{"line":159,"column":36}},"71":{"start":{"line":160,"column":8},"end":{"line":160,"column":33}},"72":{"start":{"line":162,"column":6},"end":{"line":164,"column":7}},"73":{"start":{"line":163,"column":8},"end":{"line":163,"column":80}},"74":{"start":{"line":169,"column":30},"end":{"line":176,"column":3}},"75":{"start":{"line":170,"column":4},"end":{"line":171,"column":13}},"76":{"start":{"line":171,"column":6},"end":{"line":171,"column":13}},"77":{"start":{"line":172,"column":21},"end":{"line":172,"column":54}},"78":{"start":{"line":173,"column":20},"end":{"line":173,"column":48}},"79":{"start":{"line":175,"column":4},"end":{"line":175,"column":44}},"80":{"start":{"line":179,"column":2},"end":{"line":188,"column":24}},"81":{"start":{"line":180,"column":4},"end":{"line":187,"column":5}},"82":{"start":{"line":181,"column":6},"end":{"line":181,"column":68}},"83":{"start":{"line":182,"column":6},"end":{"line":186,"column":8}},"84":{"start":{"line":183,"column":8},"end":{"line":185,"column":9}},"85":{"start":{"line":184,"column":10},"end":{"line":184,"column":75}},"86":{"start":{"line":190,"column":26},"end":{"line":197,"column":3}},"87":{"start":{"line":191,"column":4},"end":{"line":191,"column":66}},"88":{"start":{"line":191,"column":59},"end":{"line":191,"column":66}},"89":{"start":{"line":192,"column":21},"end":{"line":192,"column":54}},"90":{"start":{"line":194,"column":4},"end":{"line":196,"column":5}},"91":{"start":{"line":195,"column":6},"end":{"line":195,"column":46}},"92":{"start":{"line":200,"column":23},"end":{"line":206,"column":3}},"93":{"start":{"line":201,"column":4},"end":{"line":205,"column":5}},"94":{"start":{"line":202,"column":23},"end":{"line":202,"column":56}},"95":{"start":{"line":203,"column":6},"end":{"line":203,"column":46}},"96":{"start":{"line":204,"column":6},"end":{"line":204,"column":28}},"97":{"start":{"line":208,"column":18},"end":{"line":212,"column":3}},"98":{"start":{"line":209,"column":4},"end":{"line":211,"column":5}},"99":{"start":{"line":210,"column":6},"end":{"line":210,"column":41}},"100":{"start":{"line":213,"column":18},"end":{"line":217,"column":3}},"101":{"start":{"line":214,"column":4},"end":{"line":216,"column":5}},"102":{"start":{"line":215,"column":6},"end":{"line":215,"column":41}},"103":{"start":{"line":218,"column":30},"end":{"line":232,"column":3}},"104":{"start":{"line":219,"column":18},"end":{"line":219,"column":32}},"105":{"start":{"line":220,"column":4},"end":{"line":220,"column":30}},"106":{"start":{"line":221,"column":4},"end":{"line":231,"column":5}},"107":{"start":{"line":222,"column":6},"end":{"line":230,"column":7}},"108":{"start":{"line":223,"column":8},"end":{"line":223,"column":64}},"109":{"start":{"line":225,"column":8},"end":{"line":225,"column":65}},"110":{"start":{"line":226,"column":22},"end":{"line":226,"column":70}},"111":{"start":{"line":226,"column":44},"end":{"line":226,"column":69}},"112":{"start":{"line":227,"column":8},"end":{"line":229,"column":9}},"113":{"start":{"line":228,"column":10},"end":{"line":228,"column":79}},"114":{"start":{"line":233,"column":27},"end":{"line":247,"column":3}},"115":{"start":{"line":234,"column":18},"end":{"line":234,"column":32}},"116":{"start":{"line":235,"column":4},"end":{"line":235,"column":27}},"117":{"start":{"line":236,"column":4},"end":{"line":246,"column":5}},"118":{"start":{"line":237,"column":6},"end":{"line":245,"column":7}},"119":{"start":{"line":238,"column":8},"end":{"line":238,"column":56}},"120":{"start":{"line":240,"column":8},"end":{"line":240,"column":55}},"121":{"start":{"line":241,"column":22},"end":{"line":241,"column":66}},"122":{"start":{"line":241,"column":45},"end":{"line":241,"column":65}},"123":{"start":{"line":242,"column":8},"end":{"line":244,"column":9}},"124":{"start":{"line":243,"column":10},"end":{"line":243,"column":63}},"125":{"start":{"line":248,"column":28},"end":{"line":262,"column":3}},"126":{"start":{"line":249,"column":18},"end":{"line":249,"column":32}},"127":{"start":{"line":250,"column":4},"end":{"line":250,"column":28}},"128":{"start":{"line":251,"column":4},"end":{"line":261,"column":5}},"129":{"start":{"line":252,"column":6},"end":{"line":260,"column":7}},"130":{"start":{"line":253,"column":8},"end":{"line":253,"column":64}},"131":{"start":{"line":255,"column":8},"end":{"line":255,"column":65}},"132":{"start":{"line":256,"column":22},"end":{"line":256,"column":67}},"133":{"start":{"line":256,"column":46},"end":{"line":256,"column":66}},"134":{"start":{"line":257,"column":8},"end":{"line":259,"column":9}},"135":{"start":{"line":258,"column":10},"end":{"line":258,"column":64}},"136":{"start":{"line":263,"column":28},"end":{"line":265,"column":3}},"137":{"start":{"line":264,"column":4},"end":{"line":264,"column":25}},"138":{"start":{"line":266,"column":28},"end":{"line":290,"column":3}},"139":{"start":{"line":267,"column":4},"end":{"line":289,"column":5}},"140":{"start":{"line":269,"column":28},"end":{"line":269,"column":62}},"141":{"start":{"line":269,"column":54},"end":{"line":269,"column":61}},"142":{"start":{"line":270,"column":6},"end":{"line":272,"column":7}},"143":{"start":{"line":271,"column":8},"end":{"line":271,"column":39}},"144":{"start":{"line":275,"column":24},"end":{"line":275,"column":57}},"145":{"start":{"line":275,"column":50},"end":{"line":275,"column":56}},"146":{"start":{"line":276,"column":6},"end":{"line":288,"column":7}},"147":{"start":{"line":277,"column":8},"end":{"line":277,"column":35}},"148":{"start":{"line":278,"column":8},"end":{"line":287,"column":9}},"149":{"start":{"line":283,"column":10},"end":{"line":286,"column":13}},"150":{"start":{"line":284,"column":12},"end":{"line":284,"column":28}},"151":{"start":{"line":285,"column":12},"end":{"line":285,"column":52}},"152":{"start":{"line":291,"column":29},"end":{"line":291,"column":56}},"153":{"start":{"line":291,"column":35},"end":{"line":291,"column":56}},"154":{"start":{"line":292,"column":30},"end":{"line":292,"column":58}},"155":{"start":{"line":292,"column":36},"end":{"line":292,"column":58}},"156":{"start":{"line":294,"column":21},"end":{"line":301,"column":3}},"157":{"start":{"line":296,"column":4},"end":{"line":298,"column":5}},"158":{"start":{"line":297,"column":6},"end":{"line":297,"column":34}},"159":{"start":{"line":300,"column":4},"end":{"line":300,"column":31}},"160":{"start":{"line":303,"column":2},"end":{"line":353,"column":4}},"161":{"start":{"line":344,"column":52},"end":{"line":344,"column":78}},"162":{"start":{"line":346,"column":26},"end":{"line":348,"column":11}},"163":{"start":{"line":347,"column":19},"end":{"line":347,"column":50}},"164":{"start":{"line":349,"column":10},"end":{"line":349,"column":37}}},"fnMap":{"0":{"name":"(anonymous_0)","decl":{"start":{"line":51,"column":20},"end":{"line":51,"column":21}},"loc":{"start":{"line":51,"column":42},"end":{"line":354,"column":1}},"line":51},"1":{"name":"(anonymous_1)","decl":{"start":{"line":65,"column":51},"end":{"line":65,"column":52}},"loc":{"start":{"line":65,"column":57},"end":{"line":72,"column":3}},"line":65},"2":{"name":"(anonymous_2)","decl":{"start":{"line":67,"column":39},"end":{"line":67,"column":40}},"loc":{"start":{"line":67,"column":46},"end":{"line":67,"column":72}},"line":67},"3":{"name":"(anonymous_3)","decl":{"start":{"line":70,"column":45},"end":{"line":70,"column":46}},"loc":{"start":{"line":70,"column":52},"end":{"line":70,"column":59}},"line":70},"4":{"name":"(anonymous_4)","decl":{"start":{"line":78,"column":39},"end":{"line":78,"column":40}},"loc":{"start":{"line":78,"column":46},"end":{"line":78,"column":53}},"line":78},"5":{"name":"(anonymous_5)","decl":{"start":{"line":80,"column":12},"end":{"line":80,"column":13}},"loc":{"start":{"line":80,"column":18},"end":{"line":166,"column":3}},"line":80},"6":{"name":"(anonymous_6)","decl":{"start":{"line":89,"column":23},"end":{"line":89,"column":24}},"loc":{"start":{"line":92,"column":9},"end":{"line":155,"column":5}},"line":92},"7":{"name":"(anonymous_7)","decl":{"start":{"line":108,"column":46},"end":{"line":108,"column":47}},"loc":{"start":{"line":108,"column":52},"end":{"line":120,"column":9}},"line":108},"8":{"name":"(anonymous_8)","decl":{"start":{"line":115,"column":16},"end":{"line":115,"column":17}},"loc":{"start":{"line":116,"column":18},"end":{"line":116,"column":73}},"line":116},"9":{"name":"(anonymous_9)","decl":{"start":{"line":116,"column":32},"end":{"line":116,"column":33}},"loc":{"start":{"line":116,"column":40},"end":{"line":116,"column":66}},"line":116},"10":{"name":"(anonymous_10)","decl":{"start":{"line":131,"column":14},"end":{"line":131,"column":15}},"loc":{"start":{"line":132,"column":16},"end":{"line":132,"column":71}},"line":132},"11":{"name":"(anonymous_11)","decl":{"start":{"line":132,"column":30},"end":{"line":132,"column":31}},"loc":{"start":{"line":132,"column":38},"end":{"line":132,"column":64}},"line":132},"12":{"name":"(anonymous_12)","decl":{"start":{"line":137,"column":40},"end":{"line":137,"column":41}},"loc":{"start":{"line":137,"column":46},"end":{"line":137,"column":48}},"line":137},"13":{"name":"(anonymous_13)","decl":{"start":{"line":149,"column":35},"end":{"line":149,"column":36}},"loc":{"start":{"line":149,"column":41},"end":{"line":153,"column":9}},"line":149},"14":{"name":"(anonymous_14)","decl":{"start":{"line":157,"column":11},"end":{"line":157,"column":12}},"loc":{"start":{"line":157,"column":17},"end":{"line":165,"column":5}},"line":157},"15":{"name":"(anonymous_15)","decl":{"start":{"line":169,"column":30},"end":{"line":169,"column":31}},"loc":{"start":{"line":169,"column":36},"end":{"line":176,"column":3}},"line":169},"16":{"name":"(anonymous_16)","decl":{"start":{"line":179,"column":12},"end":{"line":179,"column":13}},"loc":{"start":{"line":179,"column":18},"end":{"line":188,"column":3}},"line":179},"17":{"name":"(anonymous_17)","decl":{"start":{"line":182,"column":13},"end":{"line":182,"column":14}},"loc":{"start":{"line":182,"column":19},"end":{"line":186,"column":7}},"line":182},"18":{"name":"(anonymous_18)","decl":{"start":{"line":190,"column":26},"end":{"line":190,"column":27}},"loc":{"start":{"line":190,"column":33},"end":{"line":197,"column":3}},"line":190},"19":{"name":"(anonymous_19)","decl":{"start":{"line":200,"column":23},"end":{"line":200,"column":24}},"loc":{"start":{"line":200,"column":29},"end":{"line":206,"column":3}},"line":200},"20":{"name":"(anonymous_20)","decl":{"start":{"line":208,"column":18},"end":{"line":208,"column":19}},"loc":{"start":{"line":208,"column":24},"end":{"line":212,"column":3}},"line":208},"21":{"name":"(anonymous_21)","decl":{"start":{"line":213,"column":18},"end":{"line":213,"column":19}},"loc":{"start":{"line":213,"column":24},"end":{"line":217,"column":3}},"line":213},"22":{"name":"(anonymous_22)","decl":{"start":{"line":218,"column":30},"end":{"line":218,"column":31}},"loc":{"start":{"line":218,"column":37},"end":{"line":232,"column":3}},"line":218},"23":{"name":"(anonymous_23)","decl":{"start":{"line":226,"column":37},"end":{"line":226,"column":38}},"loc":{"start":{"line":226,"column":44},"end":{"line":226,"column":69}},"line":226},"24":{"name":"(anonymous_24)","decl":{"start":{"line":233,"column":27},"end":{"line":233,"column":28}},"loc":{"start":{"line":233,"column":34},"end":{"line":247,"column":3}},"line":233},"25":{"name":"(anonymous_25)","decl":{"start":{"line":241,"column":38},"end":{"line":241,"column":39}},"loc":{"start":{"line":241,"column":45},"end":{"line":241,"column":65}},"line":241},"26":{"name":"(anonymous_26)","decl":{"start":{"line":248,"column":28},"end":{"line":248,"column":29}},"loc":{"start":{"line":248,"column":35},"end":{"line":262,"column":3}},"line":248},"27":{"name":"(anonymous_27)","decl":{"start":{"line":256,"column":39},"end":{"line":256,"column":40}},"loc":{"start":{"line":256,"column":46},"end":{"line":256,"column":66}},"line":256},"28":{"name":"(anonymous_28)","decl":{"start":{"line":263,"column":28},"end":{"line":263,"column":29}},"loc":{"start":{"line":263,"column":37},"end":{"line":265,"column":3}},"line":263},"29":{"name":"(anonymous_29)","decl":{"start":{"line":266,"column":28},"end":{"line":266,"column":29}},"loc":{"start":{"line":266,"column":34},"end":{"line":290,"column":3}},"line":266},"30":{"name":"(anonymous_30)","decl":{"start":{"line":269,"column":47},"end":{"line":269,"column":48}},"loc":{"start":{"line":269,"column":54},"end":{"line":269,"column":61}},"line":269},"31":{"name":"(anonymous_31)","decl":{"start":{"line":275,"column":43},"end":{"line":275,"column":44}},"loc":{"start":{"line":275,"column":50},"end":{"line":275,"column":56}},"line":275},"32":{"name":"(anonymous_32)","decl":{"start":{"line":283,"column":63},"end":{"line":283,"column":64}},"loc":{"start":{"line":283,"column":69},"end":{"line":286,"column":11}},"line":283},"33":{"name":"(anonymous_33)","decl":{"start":{"line":285,"column":42},"end":{"line":285,"column":43}},"loc":{"start":{"line":285,"column":48},"end":{"line":285,"column":50}},"line":285},"34":{"name":"(anonymous_34)","decl":{"start":{"line":291,"column":29},"end":{"line":291,"column":30}},"loc":{"start":{"line":291,"column":35},"end":{"line":291,"column":56}},"line":291},"35":{"name":"(anonymous_35)","decl":{"start":{"line":292,"column":30},"end":{"line":292,"column":31}},"loc":{"start":{"line":292,"column":36},"end":{"line":292,"column":58}},"line":292},"36":{"name":"(anonymous_36)","decl":{"start":{"line":294,"column":21},"end":{"line":294,"column":22}},"loc":{"start":{"line":294,"column":27},"end":{"line":301,"column":3}},"line":294},"37":{"name":"(anonymous_37)","decl":{"start":{"line":344,"column":45},"end":{"line":344,"column":46}},"loc":{"start":{"line":344,"column":52},"end":{"line":344,"column":78}},"line":344},"38":{"name":"(anonymous_38)","decl":{"start":{"line":345,"column":18},"end":{"line":345,"column":19}},"loc":{"start":{"line":345,"column":27},"end":{"line":350,"column":9}},"line":345},"39":{"name":"(anonymous_39)","decl":{"start":{"line":347,"column":12},"end":{"line":347,"column":13}},"loc":{"start":{"line":347,"column":19},"end":{"line":347,"column":50}},"line":347}},"branchMap":{"0":{"loc":{"start":{"line":66,"column":4},"end":{"line":69,"column":5}},"type":"if","locations":[{"start":{"line":66,"column":4},"end":{"line":69,"column":5}},{"start":{},"end":{}}],"line":66},"1":{"loc":{"start":{"line":68,"column":13},"end":{"line":68,"column":37}},"type":"cond-expr","locations":[{"start":{"line":68,"column":28},"end":{"line":68,"column":33}},{"start":{"line":68,"column":36},"end":{"line":68,"column":37}}],"line":68},"2":{"loc":{"start":{"line":71,"column":11},"end":{"line":71,"column":51}},"type":"cond-expr","locations":[{"start":{"line":71,"column":34},"end":{"line":71,"column":47}},{"start":{"line":71,"column":50},"end":{"line":71,"column":51}}],"line":71},"3":{"loc":{"start":{"line":82,"column":4},"end":{"line":85,"column":5}},"type":"if","locations":[{"start":{"line":82,"column":4},"end":{"line":85,"column":5}},{"start":{},"end":{}}],"line":82},"4":{"loc":{"start":{"line":86,"column":4},"end":{"line":88,"column":5}},"type":"if","locations":[{"start":{"line":86,"column":4},"end":{"line":88,"column":5}},{"start":{},"end":{}}],"line":86},"5":{"loc":{"start":{"line":90,"column":6},"end":{"line":90,"column":28}},"type":"default-arg","locations":[{"start":{"line":90,"column":12},"end":{"line":90,"column":28}}],"line":90},"6":{"loc":{"start":{"line":91,"column":6},"end":{"line":91,"column":30}},"type":"default-arg","locations":[{"start":{"line":91,"column":13},"end":{"line":91,"column":30}}],"line":91},"7":{"loc":{"start":{"line":93,"column":6},"end":{"line":93,"column":36}},"type":"if","locations":[{"start":{"line":93,"column":6},"end":{"line":93,"column":36}},{"start":{},"end":{}}],"line":93},"8":{"loc":{"start":{"line":107,"column":6},"end":{"line":121,"column":7}},"type":"if","locations":[{"start":{"line":107,"column":6},"end":{"line":121,"column":7}},{"start":{},"end":{}}],"line":107},"9":{"loc":{"start":{"line":136,"column":8},"end":{"line":138,"column":9}},"type":"if","locations":[{"start":{"line":136,"column":8},"end":{"line":138,"column":9}},{"start":{},"end":{}}],"line":136},"10":{"loc":{"start":{"line":140,"column":8},"end":{"line":143,"column":9}},"type":"if","locations":[{"start":{"line":140,"column":8},"end":{"line":143,"column":9}},{"start":{},"end":{}}],"line":140},"11":{"loc":{"start":{"line":148,"column":6},"end":{"line":154,"column":7}},"type":"if","locations":[{"start":{"line":148,"column":6},"end":{"line":154,"column":7}},{"start":{},"end":{}}],"line":148},"12":{"loc":{"start":{"line":150,"column":10},"end":{"line":152,"column":11}},"type":"if","locations":[{"start":{"line":150,"column":10},"end":{"line":152,"column":11}},{"start":{},"end":{}}],"line":150},"13":{"loc":{"start":{"line":158,"column":6},"end":{"line":161,"column":7}},"type":"if","locations":[{"start":{"line":158,"column":6},"end":{"line":161,"column":7}},{"start":{},"end":{}}],"line":158},"14":{"loc":{"start":{"line":162,"column":6},"end":{"line":164,"column":7}},"type":"if","locations":[{"start":{"line":162,"column":6},"end":{"line":164,"column":7}},{"start":{},"end":{}}],"line":162},"15":{"loc":{"start":{"line":170,"column":4},"end":{"line":171,"column":13}},"type":"if","locations":[{"start":{"line":170,"column":4},"end":{"line":171,"column":13}},{"start":{},"end":{}}],"line":170},"16":{"loc":{"start":{"line":170,"column":8},"end":{"line":170,"column":78}},"type":"binary-expr","locations":[{"start":{"line":170,"column":8},"end":{"line":170,"column":25}},{"start":{"line":170,"column":29},"end":{"line":170,"column":47}},{"start":{"line":170,"column":51},"end":{"line":170,"column":78}}],"line":170},"17":{"loc":{"start":{"line":180,"column":4},"end":{"line":187,"column":5}},"type":"if","locations":[{"start":{"line":180,"column":4},"end":{"line":187,"column":5}},{"start":{},"end":{}}],"line":180},"18":{"loc":{"start":{"line":180,"column":8},"end":{"line":180,"column":43}},"type":"binary-expr","locations":[{"start":{"line":180,"column":8},"end":{"line":180,"column":23}},{"start":{"line":180,"column":27},"end":{"line":180,"column":43}}],"line":180},"19":{"loc":{"start":{"line":183,"column":8},"end":{"line":185,"column":9}},"type":"if","locations":[{"start":{"line":183,"column":8},"end":{"line":185,"column":9}},{"start":{},"end":{}}],"line":183},"20":{"loc":{"start":{"line":191,"column":4},"end":{"line":191,"column":66}},"type":"if","locations":[{"start":{"line":191,"column":4},"end":{"line":191,"column":66}},{"start":{},"end":{}}],"line":191},"21":{"loc":{"start":{"line":191,"column":8},"end":{"line":191,"column":57}},"type":"binary-expr","locations":[{"start":{"line":191,"column":8},"end":{"line":191,"column":26}},{"start":{"line":191,"column":30},"end":{"line":191,"column":57}}],"line":191},"22":{"loc":{"start":{"line":194,"column":4},"end":{"line":196,"column":5}},"type":"if","locations":[{"start":{"line":194,"column":4},"end":{"line":196,"column":5}},{"start":{},"end":{}}],"line":194},"23":{"loc":{"start":{"line":201,"column":4},"end":{"line":205,"column":5}},"type":"if","locations":[{"start":{"line":201,"column":4},"end":{"line":205,"column":5}},{"start":{},"end":{}}],"line":201},"24":{"loc":{"start":{"line":201,"column":8},"end":{"line":201,"column":75}},"type":"binary-expr","locations":[{"start":{"line":201,"column":8},"end":{"line":201,"column":25}},{"start":{"line":201,"column":29},"end":{"line":201,"column":45}},{"start":{"line":201,"column":49},"end":{"line":201,"column":75}}],"line":201},"25":{"loc":{"start":{"line":209,"column":4},"end":{"line":211,"column":5}},"type":"if","locations":[{"start":{"line":209,"column":4},"end":{"line":211,"column":5}},{"start":{},"end":{}}],"line":209},"26":{"loc":{"start":{"line":214,"column":4},"end":{"line":216,"column":5}},"type":"if","locations":[{"start":{"line":214,"column":4},"end":{"line":216,"column":5}},{"start":{},"end":{}}],"line":214},"27":{"loc":{"start":{"line":221,"column":4},"end":{"line":231,"column":5}},"type":"if","locations":[{"start":{"line":221,"column":4},"end":{"line":231,"column":5}},{"start":{},"end":{}}],"line":221},"28":{"loc":{"start":{"line":222,"column":6},"end":{"line":230,"column":7}},"type":"if","locations":[{"start":{"line":222,"column":6},"end":{"line":230,"column":7}},{"start":{"line":224,"column":13},"end":{"line":230,"column":7}}],"line":222},"29":{"loc":{"start":{"line":227,"column":8},"end":{"line":229,"column":9}},"type":"if","locations":[{"start":{"line":227,"column":8},"end":{"line":229,"column":9}},{"start":{},"end":{}}],"line":227},"30":{"loc":{"start":{"line":236,"column":4},"end":{"line":246,"column":5}},"type":"if","locations":[{"start":{"line":236,"column":4},"end":{"line":246,"column":5}},{"start":{},"end":{}}],"line":236},"31":{"loc":{"start":{"line":237,"column":6},"end":{"line":245,"column":7}},"type":"if","locations":[{"start":{"line":237,"column":6},"end":{"line":245,"column":7}},{"start":{"line":239,"column":13},"end":{"line":245,"column":7}}],"line":237},"32":{"loc":{"start":{"line":242,"column":8},"end":{"line":244,"column":9}},"type":"if","locations":[{"start":{"line":242,"column":8},"end":{"line":244,"column":9}},{"start":{},"end":{}}],"line":242},"33":{"loc":{"start":{"line":251,"column":4},"end":{"line":261,"column":5}},"type":"if","locations":[{"start":{"line":251,"column":4},"end":{"line":261,"column":5}},{"start":{},"end":{}}],"line":251},"34":{"loc":{"start":{"line":252,"column":6},"end":{"line":260,"column":7}},"type":"if","locations":[{"start":{"line":252,"column":6},"end":{"line":260,"column":7}},{"start":{"line":254,"column":13},"end":{"line":260,"column":7}}],"line":252},"35":{"loc":{"start":{"line":257,"column":8},"end":{"line":259,"column":9}},"type":"if","locations":[{"start":{"line":257,"column":8},"end":{"line":259,"column":9}},{"start":{},"end":{}}],"line":257},"36":{"loc":{"start":{"line":267,"column":4},"end":{"line":289,"column":5}},"type":"if","locations":[{"start":{"line":267,"column":4},"end":{"line":289,"column":5}},{"start":{"line":273,"column":11},"end":{"line":289,"column":5}}],"line":267},"37":{"loc":{"start":{"line":270,"column":6},"end":{"line":272,"column":7}},"type":"if","locations":[{"start":{"line":270,"column":6},"end":{"line":272,"column":7}},{"start":{},"end":{}}],"line":270},"38":{"loc":{"start":{"line":276,"column":6},"end":{"line":288,"column":7}},"type":"if","locations":[{"start":{"line":276,"column":6},"end":{"line":288,"column":7}},{"start":{},"end":{}}],"line":276},"39":{"loc":{"start":{"line":278,"column":8},"end":{"line":287,"column":9}},"type":"if","locations":[{"start":{"line":278,"column":8},"end":{"line":287,"column":9}},{"start":{},"end":{}}],"line":278},"40":{"loc":{"start":{"line":279,"column":10},"end":{"line":281,"column":27}},"type":"binary-expr","locations":[{"start":{"line":279,"column":10},"end":{"line":279,"column":36}},{"start":{"line":280,"column":10},"end":{"line":280,"column":26}},{"start":{"line":281,"column":10},"end":{"line":281,"column":27}}],"line":279},"41":{"loc":{"start":{"line":296,"column":4},"end":{"line":298,"column":5}},"type":"if","locations":[{"start":{"line":296,"column":4},"end":{"line":298,"column":5}},{"start":{},"end":{}}],"line":296}},"s":{"0":1,"1":1,"2":19,"3":19,"4":19,"5":19,"6":19,"7":19,"8":19,"9":19,"10":19,"11":19,"12":19,"13":19,"14":10,"15":0,"16":0,"17":0,"18":10,"19":20,"20":10,"21":19,"22":19,"23":19,"24":114,"25":19,"26":11,"27":0,"28":0,"29":11,"30":11,"31":11,"32":11,"33":0,"34":11,"35":11,"36":11,"37":11,"38":11,"39":11,"40":11,"41":0,"42":0,"43":0,"44":0,"45":0,"46":0,"47":0,"48":11,"49":11,"50":11,"51":11,"52":11,"53":11,"54":22,"55":22,"56":11,"57":11,"58":10,"59":1,"60":0,"61":0,"62":10,"63":11,"64":10,"65":0,"66":0,"67":11,"68":11,"69":11,"70":11,"71":11,"72":11,"73":1,"74":19,"75":0,"76":0,"77":0,"78":0,"79":0,"80":19,"81":11,"82":1,"83":1,"84":1,"85":0,"86":19,"87":0,"88":0,"89":0,"90":0,"91":0,"92":19,"93":0,"94":0,"95":0,"96":0,"97":19,"98":1,"99":1,"100":19,"101":1,"102":1,"103":19,"104":1,"105":1,"106":1,"107":1,"108":0,"109":1,"110":1,"111":0,"112":1,"113":0,"114":19,"115":1,"116":1,"117":1,"118":1,"119":0,"120":1,"121":1,"122":0,"123":1,"124":0,"125":19,"126":1,"127":1,"128":1,"129":1,"130":0,"131":1,"132":1,"133":0,"134":1,"135":0,"136":19,"137":0,"138":19,"139":1,"140":0,"141":0,"142":0,"143":0,"144":1,"145":1,"146":1,"147":1,"148":1,"149":0,"150":0,"151":0,"152":19,"153":1,"154":19,"155":0,"156":19,"157":0,"158":0,"159":0,"160":19,"161":27,"162":0,"163":0,"164":0},"f":{"0":19,"1":10,"2":0,"3":20,"4":114,"5":11,"6":11,"7":0,"8":0,"9":0,"10":22,"11":22,"12":0,"13":0,"14":11,"15":0,"16":11,"17":1,"18":0,"19":0,"20":1,"21":1,"22":1,"23":0,"24":1,"25":0,"26":1,"27":0,"28":0,"29":1,"30":0,"31":1,"32":0,"33":0,"34":1,"35":0,"36":0,"37":27,"38":0,"39":0},"b":{"0":[0,10],"1":[0,0],"2":[10,0],"3":[0,11],"4":[11,0],"5":[11],"6":[11],"7":[0,11],"8":[0,11],"9":[10,1],"10":[0,1],"11":[10,1],"12":[0,0],"13":[11,0],"14":[1,10],"15":[0,0],"16":[0,0,0],"17":[1,10],"18":[11,1],"19":[0,1],"20":[0,0],"21":[0,0],"22":[0,0],"23":[0,0],"24":[0,0,0],"25":[1,0],"26":[1,0],"27":[1,0],"28":[0,1],"29":[0,1],"30":[1,0],"31":[0,1],"32":[0,1],"33":[1,0],"34":[0,1],"35":[0,1],"36":[0,1],"37":[0,0],"38":[1,0],"39":[0,1],"40":[1,0,0],"41":[0,0]},"_coverageSchema":"1a1c01bbd47fc00a2c39e90264f33305004495a9","hash":"5b583a7264cac7a9ed03ef4da55a0d7605fec987"}
}
