TN:
SF:src\App.jsx
FN:4,(anonymous_0)
FNF:1
FNH:0
FNDA:0,(anonymous_0)
DA:4,0
DA:5,0
LF:2
LH:0
BRF:0
BRH:0
end_of_record
TN:
SF:src\index.jsx
FNF:0
FNH:0
DA:5,0
DA:6,0
LF:2
LH:0
BRF:0
BRH:0
end_of_record
TN:
SF:src\components\Button.jsx
FN:4,(anonymous_0)
FNF:1
FNH:1
FNDA:149,(anonymous_0)
DA:4,5
DA:12,149
LF:2
LH:2
BRDA:7,0,0,85
BRDA:8,1,0,125
BRDA:9,2,0,148
BRDA:10,3,0,149
BRF:4
BRH:4
end_of_record
TN:
SF:src\components\LiveIndicator.jsx
FN:4,LiveIndicator
FNF:1
FNH:1
FNDA:26,LiveIndicator
DA:5,26
DA:6,7
LF:2
LH:2
BRDA:5,0,0,19
BRDA:5,0,1,7
BRDA:10,1,0,3
BRDA:10,1,1,4
BRDA:13,2,0,3
BRDA:13,2,1,4
BRDA:15,3,0,7
BRDA:15,3,1,4
BRF:8
BRH:8
end_of_record
TN:
SF:src\components\PlayerControls.jsx
FN:4,PlayerControls
FN:38,(anonymous_1)
FN:38,(anonymous_2)
FN:40,(anonymous_3)
FN:41,(anonymous_4)
FN:56,(anonymous_5)
FN:57,(anonymous_6)
FN:59,(anonymous_7)
FN:74,(anonymous_8)
FN:75,(anonymous_9)
FN:77,(anonymous_10)
FNF:11
FNH:11
FNDA:29,PlayerControls
FNDA:28,(anonymous_1)
FNDA:42,(anonymous_2)
FNDA:14,(anonymous_3)
FNDA:28,(anonymous_4)
FNDA:24,(anonymous_5)
FNDA:34,(anonymous_6)
FNDA:24,(anonymous_7)
FNDA:28,(anonymous_8)
FNDA:42,(anonymous_9)
FNDA:28,(anonymous_10)
DA:20,29
DA:38,42
DA:40,14
DA:42,28
DA:57,34
DA:60,24
DA:75,42
DA:78,28
LF:8
LH:8
BRDA:27,0,0,3
BRDA:27,0,1,26
BRDA:43,1,0,28
BRDA:43,1,1,0
BRF:4
BRH:3
end_of_record
TN:
SF:src\components\PlayerHeader.jsx
FN:3,PlayerHeader
FNF:1
FNH:1
FNDA:19,PlayerHeader
DA:4,19
LF:1
LH:1
BRF:0
BRH:0
end_of_record
TN:
SF:src\components\PlaylistMenu.jsx
FN:4,PlaylistMenu
FN:18,(anonymous_1)
FN:24,(anonymous_2)
FNF:3
FNH:3
FNDA:26,PlaylistMenu
FNDA:16,(anonymous_1)
FNDA:1,(anonymous_2)
DA:11,26
DA:12,7
DA:19,16
DA:25,1
DA:26,1
LF:5
LH:5
BRDA:11,0,0,19
BRDA:11,0,1,7
BRDA:22,1,0,7
BRDA:22,1,1,9
BRF:4
BRH:4
end_of_record
TN:
SF:src\components\VideoPlayer.jsx
FN:49,(anonymous_0)
FN:63,(anonymous_1)
FN:73,(anonymous_2)
FN:75,(anonymous_3)
FN:84,(anonymous_4)
FN:103,(anonymous_5)
FN:110,(anonymous_6)
FN:111,(anonymous_7)
FN:126,(anonymous_8)
FN:127,(anonymous_9)
FN:132,(anonymous_10)
FN:144,(anonymous_11)
FN:152,(anonymous_12)
FN:165,(anonymous_13)
FN:175,(anonymous_14)
FN:178,(anonymous_15)
FN:186,(anonymous_16)
FN:196,(anonymous_17)
FN:204,(anonymous_18)
FN:209,(anonymous_19)
FN:214,(anonymous_20)
FN:222,(anonymous_21)
FN:229,(anonymous_22)
FN:237,(anonymous_23)
FN:244,(anonymous_24)
FN:252,(anonymous_25)
FN:259,(anonymous_26)
FN:262,(anonymous_27)
FN:265,(anonymous_28)
FN:271,(anonymous_29)
FN:279,(anonymous_30)
FN:281,(anonymous_31)
FN:287,(anonymous_32)
FN:288,(anonymous_33)
FN:330,(anonymous_34)
FN:331,(anonymous_35)
FN:333,(anonymous_36)
FNF:37
FNH:19
FNDA:20,(anonymous_0)
FNDA:38,(anonymous_1)
FNDA:114,(anonymous_2)
FNDA:11,(anonymous_3)
FNDA:11,(anonymous_4)
FNDA:0,(anonymous_5)
FNDA:0,(anonymous_6)
FNDA:0,(anonymous_7)
FNDA:22,(anonymous_8)
FNDA:22,(anonymous_9)
FNDA:0,(anonymous_10)
FNDA:0,(anonymous_11)
FNDA:11,(anonymous_12)
FNDA:0,(anonymous_13)
FNDA:11,(anonymous_14)
FNDA:1,(anonymous_15)
FNDA:0,(anonymous_16)
FNDA:0,(anonymous_17)
FNDA:1,(anonymous_18)
FNDA:1,(anonymous_19)
FNDA:1,(anonymous_20)
FNDA:0,(anonymous_21)
FNDA:1,(anonymous_22)
FNDA:0,(anonymous_23)
FNDA:1,(anonymous_24)
FNDA:0,(anonymous_25)
FNDA:0,(anonymous_26)
FNDA:1,(anonymous_27)
FNDA:0,(anonymous_28)
FNDA:1,(anonymous_29)
FNDA:0,(anonymous_30)
FNDA:0,(anonymous_31)
FNDA:1,(anonymous_32)
FNDA:0,(anonymous_33)
FNDA:25,(anonymous_34)
FNDA:0,(anonymous_35)
FNDA:0,(anonymous_36)
DA:10,1
DA:49,1
DA:50,20
DA:51,19
DA:52,19
DA:53,19
DA:54,19
DA:55,19
DA:56,19
DA:57,19
DA:58,19
DA:59,19
DA:60,19
DA:63,38
DA:64,19
DA:69,19
DA:70,19
DA:73,114
DA:75,19
DA:77,11
DA:78,0
DA:79,0
DA:81,11
DA:82,11
DA:84,11
DA:88,11
DA:89,11
DA:90,11
DA:91,11
DA:96,11
DA:97,11
DA:101,11
DA:102,11
DA:103,0
DA:104,0
DA:105,0
DA:106,0
DA:111,0
DA:114,0
DA:117,11
DA:118,11
DA:119,11
DA:120,11
DA:121,11
DA:122,11
DA:127,22
DA:130,11
DA:131,11
DA:132,10
DA:135,1
DA:136,0
DA:137,0
DA:140,10
DA:143,11
DA:144,10
DA:145,0
DA:146,0
DA:151,11
DA:152,11
DA:153,11
DA:154,11
DA:155,11
DA:157,11
DA:158,1
DA:165,19
DA:166,0
DA:167,0
DA:168,0
DA:169,0
DA:171,0
DA:175,19
DA:176,11
DA:177,1
DA:178,1
DA:179,1
DA:180,0
DA:186,19
DA:187,0
DA:188,0
DA:190,0
DA:191,0
DA:196,19
DA:197,0
DA:198,0
DA:199,0
DA:200,0
DA:204,19
DA:205,1
DA:206,1
DA:209,19
DA:210,1
DA:211,1
DA:214,19
DA:215,1
DA:216,1
DA:217,1
DA:218,1
DA:219,0
DA:221,1
DA:222,1
DA:223,1
DA:224,0
DA:229,19
DA:230,1
DA:231,1
DA:232,1
DA:233,1
DA:234,0
DA:236,1
DA:237,1
DA:238,1
DA:239,0
DA:244,19
DA:245,1
DA:246,1
DA:247,1
DA:248,1
DA:249,0
DA:251,1
DA:252,1
DA:253,1
DA:254,0
DA:259,19
DA:260,0
DA:262,19
DA:263,1
DA:265,0
DA:266,0
DA:267,0
DA:271,1
DA:272,1
DA:273,1
DA:274,1
DA:279,0
DA:280,0
DA:281,0
DA:287,19
DA:288,19
DA:290,19
DA:330,25
DA:332,0
DA:333,0
DA:335,0
LF:143
LH:101
BRDA:65,0,0,19
BRDA:65,0,1,0
BRDA:77,1,0,0
BRDA:77,1,1,11
BRDA:81,2,0,11
BRDA:81,2,1,0
BRDA:85,3,0,11
BRDA:86,4,0,11
BRDA:88,5,0,0
BRDA:88,5,1,11
BRDA:102,6,0,0
BRDA:102,6,1,11
BRDA:131,7,0,10
BRDA:131,7,1,1
BRDA:135,8,0,0
BRDA:135,8,1,1
BRDA:143,9,0,10
BRDA:143,9,1,1
BRDA:145,10,0,0
BRDA:145,10,1,0
BRDA:153,11,0,11
BRDA:153,11,1,0
BRDA:157,12,0,1
BRDA:157,12,1,10
BRDA:166,13,0,0
BRDA:166,13,1,0
BRDA:166,14,0,0
BRDA:166,14,1,0
BRDA:166,14,2,0
BRDA:176,15,0,1
BRDA:176,15,1,10
BRDA:176,16,0,11
BRDA:176,16,1,1
BRDA:179,17,0,0
BRDA:179,17,1,1
BRDA:187,18,0,0
BRDA:187,18,1,0
BRDA:187,19,0,0
BRDA:187,19,1,0
BRDA:190,20,0,0
BRDA:190,20,1,0
BRDA:197,21,0,0
BRDA:197,21,1,0
BRDA:197,22,0,0
BRDA:197,22,1,0
BRDA:197,22,2,0
BRDA:205,23,0,1
BRDA:205,23,1,0
BRDA:210,24,0,1
BRDA:210,24,1,0
BRDA:217,25,0,1
BRDA:217,25,1,0
BRDA:218,26,0,0
BRDA:218,26,1,1
BRDA:223,27,0,0
BRDA:223,27,1,1
BRDA:232,28,0,1
BRDA:232,28,1,0
BRDA:233,29,0,0
BRDA:233,29,1,1
BRDA:238,30,0,0
BRDA:238,30,1,1
BRDA:247,31,0,1
BRDA:247,31,1,0
BRDA:248,32,0,0
BRDA:248,32,1,1
BRDA:253,33,0,0
BRDA:253,33,1,1
BRDA:263,34,0,0
BRDA:263,34,1,1
BRDA:266,35,0,0
BRDA:266,35,1,0
BRDA:272,36,0,1
BRDA:272,36,1,0
BRDA:274,37,0,0
BRDA:274,37,1,1
BRDA:275,38,0,1
BRDA:275,38,1,0
BRDA:275,38,2,0
BRF:79
BRH:35
end_of_record
