TN:
SF:src\App.js
FN:6,App
FNF:1
FNH:0
FNDA:0,App
DA:7,0
LF:1
LH:0
BRF:0
BRH:0
end_of_record
TN:
SF:src\App.jsx
FN:4,(anonymous_0)
FNF:1
FNH:0
FNDA:0,(anonymous_0)
DA:4,0
DA:5,0
LF:2
LH:0
BRF:0
BRH:0
end_of_record
TN:
SF:src\index.jsx
FNF:0
FNH:0
DA:5,0
DA:6,0
LF:2
LH:0
BRF:0
BRH:0
end_of_record
TN:
SF:src\components\Button.jsx
FN:4,(anonymous_0)
FNF:1
FNH:1
FNDA:150,(anonymous_0)
DA:4,5
DA:12,150
LF:2
LH:2
BRDA:7,0,0,86
BRDA:8,1,0,125
BRDA:9,2,0,149
BRDA:10,3,0,150
BRF:4
BRH:4
end_of_record
TN:
SF:src\components\HomePage.jsx
FN:97,(anonymous_0)
FN:107,(anonymous_1)
FN:109,(anonymous_2)
FN:111,(anonymous_3)
FN:112,(anonymous_4)
FN:117,(anonymous_5)
FN:120,(anonymous_6)
FN:131,(anonymous_7)
FN:136,(anonymous_8)
FN:140,(anonymous_9)
FN:145,(anonymous_10)
FN:153,(anonymous_11)
FN:159,(anonymous_12)
FN:166,(anonymous_13)
FN:177,(anonymous_14)
FN:182,(anonymous_15)
FN:187,(anonymous_16)
FN:197,(anonymous_17)
FN:202,(anonymous_18)
FN:212,(anonymous_19)
FN:224,(anonymous_20)
FN:228,(anonymous_21)
FN:260,(anonymous_22)
FN:264,(anonymous_23)
FN:295,(anonymous_24)
FN:311,(anonymous_25)
FN:317,(anonymous_26)
FN:325,(anonymous_27)
FN:329,(anonymous_28)
FN:333,(anonymous_29)
FNF:30
FNH:0
FNDA:0,(anonymous_0)
FNDA:0,(anonymous_1)
FNDA:0,(anonymous_2)
FNDA:0,(anonymous_3)
FNDA:0,(anonymous_4)
FNDA:0,(anonymous_5)
FNDA:0,(anonymous_6)
FNDA:0,(anonymous_7)
FNDA:0,(anonymous_8)
FNDA:0,(anonymous_9)
FNDA:0,(anonymous_10)
FNDA:0,(anonymous_11)
FNDA:0,(anonymous_12)
FNDA:0,(anonymous_13)
FNDA:0,(anonymous_14)
FNDA:0,(anonymous_15)
FNDA:0,(anonymous_16)
FNDA:0,(anonymous_17)
FNDA:0,(anonymous_18)
FNDA:0,(anonymous_19)
FNDA:0,(anonymous_20)
FNDA:0,(anonymous_21)
FNDA:0,(anonymous_22)
FNDA:0,(anonymous_23)
FNDA:0,(anonymous_24)
FNDA:0,(anonymous_25)
FNDA:0,(anonymous_26)
FNDA:0,(anonymous_27)
FNDA:0,(anonymous_28)
FNDA:0,(anonymous_29)
DA:6,0
DA:97,0
DA:98,0
DA:99,0
DA:100,0
DA:101,0
DA:102,0
DA:103,0
DA:104,0
DA:107,0
DA:109,0
DA:111,0
DA:112,0
DA:113,0
DA:117,0
DA:120,0
DA:122,0
DA:123,0
DA:131,0
DA:133,0
DA:136,0
DA:140,0
DA:146,0
DA:153,0
DA:159,0
DA:160,0
DA:161,0
DA:162,0
DA:165,0
DA:167,0
DA:171,0
DA:177,0
DA:178,0
DA:179,0
DA:182,0
DA:183,0
DA:184,0
DA:187,0
DA:188,0
DA:190,0
DA:194,0
DA:196,0
DA:197,0
DA:199,0
DA:201,0
DA:202,0
DA:204,0
DA:207,0
DA:208,0
DA:211,0
DA:212,0
DA:214,0
DA:216,0
DA:220,0
DA:224,0
DA:228,0
DA:233,0
DA:234,0
DA:248,0
DA:261,0
DA:264,0
DA:296,0
DA:312,0
DA:317,0
DA:326,0
DA:330,0
DA:333,0
LF:67
LH:0
BRDA:113,0,0,0
BRDA:113,0,1,0
BRDA:146,1,0,0
BRDA:146,1,1,0
BRDA:146,1,2,0
BRDA:153,2,0,0
BRDA:153,2,1,0
BRDA:160,3,0,0
BRDA:160,3,1,0
BRDA:167,4,0,0
BRDA:167,4,1,0
BRDA:194,5,0,0
BRDA:194,5,1,0
BRDA:194,5,2,0
BRDA:194,5,3,0
BRDA:194,5,4,0
BRDA:197,6,0,0
BRDA:197,6,1,0
BRDA:202,7,0,0
BRDA:202,7,1,0
BRDA:212,8,0,0
BRDA:212,8,1,0
BRDA:223,9,0,0
BRDA:223,9,1,0
BRDA:227,10,0,0
BRDA:227,10,1,0
BRDA:233,11,0,0
BRDA:233,11,1,0
BRDA:233,12,0,0
BRDA:233,12,1,0
BRDA:255,13,0,0
BRDA:255,13,1,0
BRDA:268,14,0,0
BRDA:268,14,1,0
BRDA:315,15,0,0
BRDA:315,15,1,0
BRDA:337,16,0,0
BRDA:337,16,1,0
BRF:38
BRH:0
end_of_record
TN:
SF:src\components\LiveIndicator.jsx
FN:4,LiveIndicator
FNF:1
FNH:1
FNDA:26,LiveIndicator
DA:5,26
DA:6,7
LF:2
LH:2
BRDA:5,0,0,19
BRDA:5,0,1,7
BRDA:10,1,0,3
BRDA:10,1,1,4
BRDA:13,2,0,3
BRDA:13,2,1,4
BRDA:15,3,0,7
BRDA:15,3,1,4
BRF:8
BRH:8
end_of_record
TN:
SF:src\components\Navigation.jsx
FN:4,(anonymous_0)
FN:9,(anonymous_1)
FN:10,(anonymous_2)
FN:19,(anonymous_3)
FN:22,(anonymous_4)
FN:28,(anonymous_5)
FN:32,(anonymous_6)
FNF:7
FNH:0
FNDA:0,(anonymous_0)
FNDA:0,(anonymous_1)
FNDA:0,(anonymous_2)
FNDA:0,(anonymous_3)
FNDA:0,(anonymous_4)
FNDA:0,(anonymous_5)
FNDA:0,(anonymous_6)
DA:4,0
DA:5,0
DA:6,0
DA:7,0
DA:9,0
DA:10,0
DA:11,0
DA:12,0
DA:14,0
DA:18,0
DA:19,0
DA:22,0
DA:23,0
DA:24,0
DA:25,0
DA:28,0
DA:29,0
DA:32,0
DA:33,0
DA:34,0
DA:38,0
LF:21
LH:0
BRDA:11,0,0,0
BRDA:11,0,1,0
BRDA:33,1,0,0
BRDA:33,1,1,0
BRDA:39,2,0,0
BRDA:39,2,1,0
BRDA:78,3,0,0
BRDA:78,3,1,0
BRF:8
BRH:0
end_of_record
TN:
SF:src\components\PlayerControls.jsx
FN:4,PlayerControls
FN:38,(anonymous_1)
FN:38,(anonymous_2)
FN:40,(anonymous_3)
FN:41,(anonymous_4)
FN:56,(anonymous_5)
FN:57,(anonymous_6)
FN:59,(anonymous_7)
FN:74,(anonymous_8)
FN:75,(anonymous_9)
FN:77,(anonymous_10)
FNF:11
FNH:11
FNDA:29,PlayerControls
FNDA:28,(anonymous_1)
FNDA:42,(anonymous_2)
FNDA:14,(anonymous_3)
FNDA:28,(anonymous_4)
FNDA:24,(anonymous_5)
FNDA:34,(anonymous_6)
FNDA:24,(anonymous_7)
FNDA:28,(anonymous_8)
FNDA:42,(anonymous_9)
FNDA:28,(anonymous_10)
DA:20,29
DA:38,42
DA:40,14
DA:42,28
DA:57,34
DA:60,24
DA:75,42
DA:78,28
LF:8
LH:8
BRDA:27,0,0,3
BRDA:27,0,1,26
BRDA:43,1,0,28
BRDA:43,1,1,0
BRF:4
BRH:3
end_of_record
TN:
SF:src\components\PlayerHeader.jsx
FN:3,PlayerHeader
FN:9,(anonymous_1)
FN:10,(anonymous_2)
FN:14,(anonymous_3)
FN:17,(anonymous_4)
FN:18,(anonymous_5)
FN:27,(anonymous_6)
FN:38,(anonymous_7)
FNF:8
FNH:5
FNDA:19,PlayerHeader
FNDA:10,(anonymous_1)
FNDA:0,(anonymous_2)
FNDA:10,(anonymous_3)
FNDA:10,(anonymous_4)
FNDA:0,(anonymous_5)
FNDA:0,(anonymous_6)
FNDA:10,(anonymous_7)
DA:4,19
DA:6,19
DA:9,19
DA:10,10
DA:11,0
DA:14,10
DA:17,19
DA:18,10
DA:19,0
DA:22,0
DA:23,0
DA:27,0
DA:28,0
DA:31,0
DA:35,10
DA:38,10
DA:39,10
DA:40,10
DA:41,0
DA:46,19
LF:20
LH:12
BRDA:22,0,0,0
BRDA:22,0,1,0
BRDA:40,1,0,0
BRDA:40,1,1,10
BRDA:47,2,0,19
BRDA:47,2,1,0
BRF:6
BRH:2
end_of_record
TN:
SF:src\components\PlaylistMenu.jsx
FN:4,PlaylistMenu
FN:18,(anonymous_1)
FN:24,(anonymous_2)
FNF:3
FNH:3
FNDA:26,PlaylistMenu
FNDA:17,(anonymous_1)
FNDA:1,(anonymous_2)
DA:11,26
DA:12,7
DA:19,17
DA:25,1
DA:26,1
LF:5
LH:5
BRDA:11,0,0,19
BRDA:11,0,1,7
BRDA:22,1,0,7
BRDA:22,1,1,10
BRF:4
BRH:4
end_of_record
TN:
SF:src\components\VideoPlayer.jsx
FN:51,(anonymous_0)
FN:65,(anonymous_1)
FN:67,(anonymous_2)
FN:70,(anonymous_3)
FN:78,(anonymous_4)
FN:80,(anonymous_5)
FN:89,(anonymous_6)
FN:108,(anonymous_7)
FN:115,(anonymous_8)
FN:116,(anonymous_9)
FN:131,(anonymous_10)
FN:132,(anonymous_11)
FN:137,(anonymous_12)
FN:149,(anonymous_13)
FN:157,(anonymous_14)
FN:169,(anonymous_15)
FN:179,(anonymous_16)
FN:182,(anonymous_17)
FN:190,(anonymous_18)
FN:200,(anonymous_19)
FN:208,(anonymous_20)
FN:213,(anonymous_21)
FN:218,(anonymous_22)
FN:226,(anonymous_23)
FN:233,(anonymous_24)
FN:241,(anonymous_25)
FN:248,(anonymous_26)
FN:256,(anonymous_27)
FN:263,(anonymous_28)
FN:266,(anonymous_29)
FN:269,(anonymous_30)
FN:275,(anonymous_31)
FN:283,(anonymous_32)
FN:285,(anonymous_33)
FN:291,(anonymous_34)
FN:292,(anonymous_35)
FN:294,(anonymous_36)
FN:344,(anonymous_37)
FN:345,(anonymous_38)
FN:347,(anonymous_39)
FNF:40
FNH:20
FNDA:19,(anonymous_0)
FNDA:10,(anonymous_1)
FNDA:0,(anonymous_2)
FNDA:20,(anonymous_3)
FNDA:114,(anonymous_4)
FNDA:11,(anonymous_5)
FNDA:11,(anonymous_6)
FNDA:0,(anonymous_7)
FNDA:0,(anonymous_8)
FNDA:0,(anonymous_9)
FNDA:22,(anonymous_10)
FNDA:22,(anonymous_11)
FNDA:0,(anonymous_12)
FNDA:0,(anonymous_13)
FNDA:11,(anonymous_14)
FNDA:0,(anonymous_15)
FNDA:11,(anonymous_16)
FNDA:1,(anonymous_17)
FNDA:0,(anonymous_18)
FNDA:0,(anonymous_19)
FNDA:1,(anonymous_20)
FNDA:1,(anonymous_21)
FNDA:1,(anonymous_22)
FNDA:0,(anonymous_23)
FNDA:1,(anonymous_24)
FNDA:0,(anonymous_25)
FNDA:1,(anonymous_26)
FNDA:0,(anonymous_27)
FNDA:0,(anonymous_28)
FNDA:1,(anonymous_29)
FNDA:0,(anonymous_30)
FNDA:1,(anonymous_31)
FNDA:0,(anonymous_32)
FNDA:0,(anonymous_33)
FNDA:1,(anonymous_34)
FNDA:0,(anonymous_35)
FNDA:0,(anonymous_36)
FNDA:27,(anonymous_37)
FNDA:0,(anonymous_38)
FNDA:0,(anonymous_39)
DA:10,1
DA:51,1
DA:52,19
DA:53,19
DA:54,19
DA:55,19
DA:56,19
DA:57,19
DA:58,19
DA:59,19
DA:60,19
DA:61,19
DA:62,19
DA:65,19
DA:66,10
DA:67,0
DA:68,0
DA:70,20
DA:71,10
DA:74,19
DA:75,19
DA:78,114
DA:80,19
DA:82,11
DA:83,0
DA:84,0
DA:86,11
DA:87,11
DA:89,11
DA:93,11
DA:94,11
DA:95,11
DA:96,11
DA:101,11
DA:102,11
DA:106,11
DA:107,11
DA:108,0
DA:109,0
DA:110,0
DA:111,0
DA:116,0
DA:119,0
DA:122,11
DA:123,11
DA:124,11
DA:125,11
DA:126,11
DA:127,11
DA:132,22
DA:135,11
DA:136,11
DA:137,10
DA:140,1
DA:141,0
DA:142,0
DA:145,10
DA:148,11
DA:149,10
DA:150,0
DA:151,0
DA:156,11
DA:157,11
DA:158,11
DA:159,11
DA:160,11
DA:162,11
DA:163,1
DA:169,19
DA:170,0
DA:171,0
DA:172,0
DA:173,0
DA:175,0
DA:179,19
DA:180,11
DA:181,1
DA:182,1
DA:183,1
DA:184,0
DA:190,19
DA:191,0
DA:192,0
DA:194,0
DA:195,0
DA:200,19
DA:201,0
DA:202,0
DA:203,0
DA:204,0
DA:208,19
DA:209,1
DA:210,1
DA:213,19
DA:214,1
DA:215,1
DA:218,19
DA:219,1
DA:220,1
DA:221,1
DA:222,1
DA:223,0
DA:225,1
DA:226,1
DA:227,1
DA:228,0
DA:233,19
DA:234,1
DA:235,1
DA:236,1
DA:237,1
DA:238,0
DA:240,1
DA:241,1
DA:242,1
DA:243,0
DA:248,19
DA:249,1
DA:250,1
DA:251,1
DA:252,1
DA:253,0
DA:255,1
DA:256,1
DA:257,1
DA:258,0
DA:263,19
DA:264,0
DA:266,19
DA:267,1
DA:269,0
DA:270,0
DA:271,0
DA:275,1
DA:276,1
DA:277,1
DA:278,1
DA:283,0
DA:284,0
DA:285,0
DA:291,19
DA:292,19
DA:294,19
DA:296,0
DA:297,0
DA:300,0
DA:303,19
DA:344,27
DA:346,0
DA:347,0
DA:349,0
LF:151
LH:104
BRDA:66,0,0,0
BRDA:66,0,1,10
BRDA:68,1,0,0
BRDA:68,1,1,0
BRDA:71,2,0,10
BRDA:71,2,1,0
BRDA:82,3,0,0
BRDA:82,3,1,11
BRDA:86,4,0,11
BRDA:86,4,1,0
BRDA:90,5,0,11
BRDA:91,6,0,11
BRDA:93,7,0,0
BRDA:93,7,1,11
BRDA:107,8,0,0
BRDA:107,8,1,11
BRDA:136,9,0,10
BRDA:136,9,1,1
BRDA:140,10,0,0
BRDA:140,10,1,1
BRDA:148,11,0,10
BRDA:148,11,1,1
BRDA:150,12,0,0
BRDA:150,12,1,0
BRDA:158,13,0,11
BRDA:158,13,1,0
BRDA:162,14,0,1
BRDA:162,14,1,10
BRDA:170,15,0,0
BRDA:170,15,1,0
BRDA:170,16,0,0
BRDA:170,16,1,0
BRDA:170,16,2,0
BRDA:180,17,0,1
BRDA:180,17,1,10
BRDA:180,18,0,11
BRDA:180,18,1,1
BRDA:183,19,0,0
BRDA:183,19,1,1
BRDA:191,20,0,0
BRDA:191,20,1,0
BRDA:191,21,0,0
BRDA:191,21,1,0
BRDA:194,22,0,0
BRDA:194,22,1,0
BRDA:201,23,0,0
BRDA:201,23,1,0
BRDA:201,24,0,0
BRDA:201,24,1,0
BRDA:201,24,2,0
BRDA:209,25,0,1
BRDA:209,25,1,0
BRDA:214,26,0,1
BRDA:214,26,1,0
BRDA:221,27,0,1
BRDA:221,27,1,0
BRDA:222,28,0,0
BRDA:222,28,1,1
BRDA:227,29,0,0
BRDA:227,29,1,1
BRDA:236,30,0,1
BRDA:236,30,1,0
BRDA:237,31,0,0
BRDA:237,31,1,1
BRDA:242,32,0,0
BRDA:242,32,1,1
BRDA:251,33,0,1
BRDA:251,33,1,0
BRDA:252,34,0,0
BRDA:252,34,1,1
BRDA:257,35,0,0
BRDA:257,35,1,1
BRDA:267,36,0,0
BRDA:267,36,1,1
BRDA:270,37,0,0
BRDA:270,37,1,0
BRDA:276,38,0,1
BRDA:276,38,1,0
BRDA:278,39,0,0
BRDA:278,39,1,1
BRDA:279,40,0,1
BRDA:279,40,1,0
BRDA:279,40,2,0
BRDA:296,41,0,0
BRDA:296,41,1,0
BRF:85
BRH:36
end_of_record
